[9.194s] Invoking command in '/home/alexis/rso2_tutorials_ws/build/examples_rclpy_pointcloud_publisher': PYTHONPATH=/home/alexis/rso2_tutorials_ws/build/examples_rclpy_pointcloud_publisher/prefix_override:/home/alexis/rso2_tutorials_ws/install/examples_rclpy_pointcloud_publisher/lib/python3.8/site-packages:${PYTHONPATH} /usr/bin/python3 setup.py develop --editable --build-directory /home/alexis/rso2_tutorials_ws/build/examples_rclpy_pointcloud_publisher/build --no-deps install_data
[10.023s] running develop
[10.285s] running egg_info
[10.285s] creating examples_rclpy_pointcloud_publisher.egg-info
[10.286s] writing examples_rclpy_pointcloud_publisher.egg-info/PKG-INFO
[10.286s] writing dependency_links to examples_rclpy_pointcloud_publisher.egg-info/dependency_links.txt
[10.287s] writing entry points to examples_rclpy_pointcloud_publisher.egg-info/entry_points.txt
[10.287s] writing requirements to examples_rclpy_pointcloud_publisher.egg-info/requires.txt
[10.287s] writing top-level names to examples_rclpy_pointcloud_publisher.egg-info/top_level.txt
[10.287s] writing manifest file 'examples_rclpy_pointcloud_publisher.egg-info/SOURCES.txt'
[10.321s] reading manifest file 'examples_rclpy_pointcloud_publisher.egg-info/SOURCES.txt'
[10.322s] writing manifest file 'examples_rclpy_pointcloud_publisher.egg-info/SOURCES.txt'
[10.371s] running build_ext
[10.371s] Creating /home/alexis/rso2_tutorials_ws/install/examples_rclpy_pointcloud_publisher/lib/python3.8/site-packages/site.py
[10.375s] Creating /home/alexis/rso2_tutorials_ws/install/examples_rclpy_pointcloud_publisher/lib/python3.8/site-packages/examples-rclpy-pointcloud-publisher.egg-link (link to .)
[10.376s] Installing pointcloud_publisher script to /home/alexis/rso2_tutorials_ws/install/examples_rclpy_pointcloud_publisher/lib/examples_rclpy_pointcloud_publisher
[10.376s] 
[10.376s] Installed /home/alexis/rso2_tutorials_ws/build/examples_rclpy_pointcloud_publisher
[10.376s] running install_data
[10.376s] creating /home/alexis/rso2_tutorials_ws/install/examples_rclpy_pointcloud_publisher/share/ament_index
[10.376s] creating /home/alexis/rso2_tutorials_ws/install/examples_rclpy_pointcloud_publisher/share/ament_index/resource_index
[10.377s] creating /home/alexis/rso2_tutorials_ws/install/examples_rclpy_pointcloud_publisher/share/ament_index/resource_index/packages
[10.377s] copying resource/examples_rclpy_pointcloud_publisher -> /home/alexis/rso2_tutorials_ws/install/examples_rclpy_pointcloud_publisher/share/ament_index/resource_index/packages
[10.377s] copying package.xml -> /home/alexis/rso2_tutorials_ws/install/examples_rclpy_pointcloud_publisher/share/examples_rclpy_pointcloud_publisher
[10.812s] Invoked command in '/home/alexis/rso2_tutorials_ws/build/examples_rclpy_pointcloud_publisher' returned '0': PYTHONPATH=/home/alexis/rso2_tutorials_ws/build/examples_rclpy_pointcloud_publisher/prefix_override:/home/alexis/rso2_tutorials_ws/install/examples_rclpy_pointcloud_publisher/lib/python3.8/site-packages:${PYTHONPATH} /usr/bin/python3 setup.py develop --editable --build-directory /home/alexis/rso2_tutorials_ws/build/examples_rclpy_pointcloud_publisher/build --no-deps install_data
