-- The C compiler identification is GNU 9.4.0
-- The CXX compiler identification is GNU 9.4.0
-- Check for working C compiler: /usr/bin/cc
-- Check for working C compiler: /usr/bin/cc -- works
-- Detecting C compiler ABI info
-- Detecting C compiler ABI info - done
-- Detecting C compile features
-- Detecting C compile features - done
-- Check for working CXX compiler: /usr/bin/c++
-- Check for working CXX compiler: /usr/bin/c++ -- works
-- Detecting CXX compiler ABI info
-- Detecting CXX compiler ABI info - done
-- Detecting CXX compile features
-- Detecting CXX compile features - done
-- Found ament_cmake: 1.3.7 (/home/alexis/ros2_humble/install/ament_cmake/share/ament_cmake/cmake)
-- Found Python3: /usr/bin/python3.8 (found version "3.8.10") found components: Interpreter 
-- Found ament_lint_auto: 0.12.10 (/home/alexis/ros2_humble/install/ament_lint_auto/share/ament_lint_auto/cmake)
-- Added test 'flake8' to check Python code syntax and style conventions
-- Added test 'lint_cmake' to check CMake code style
-- Added test 'pep257' to check Python code against some of the docstring style conventions in PEP 257
-- Added test 'xmllint' to check XML markup files
-- Configuring done
-- Generating done
-- Build files have been written to: /home/alexis/rso2_tutorials_ws/build/tutorials
-- Install configuration: ""
-- Installing: /home/alexis/rso2_tutorials_ws/install/tutorials/share/ament_index/resource_index/package_run_dependencies/tutorials
-- Installing: /home/alexis/rso2_tutorials_ws/install/tutorials/share/ament_index/resource_index/parent_prefix_path/tutorials
-- Installing: /home/alexis/rso2_tutorials_ws/install/tutorials/share/tutorials/environment/ament_prefix_path.sh
-- Installing: /home/alexis/rso2_tutorials_ws/install/tutorials/share/tutorials/environment/ament_prefix_path.dsv
-- Installing: /home/alexis/rso2_tutorials_ws/install/tutorials/share/tutorials/environment/path.sh
-- Installing: /home/alexis/rso2_tutorials_ws/install/tutorials/share/tutorials/environment/path.dsv
-- Installing: /home/alexis/rso2_tutorials_ws/install/tutorials/share/tutorials/local_setup.bash
-- Installing: /home/alexis/rso2_tutorials_ws/install/tutorials/share/tutorials/local_setup.sh
-- Installing: /home/alexis/rso2_tutorials_ws/install/tutorials/share/tutorials/local_setup.zsh
-- Installing: /home/alexis/rso2_tutorials_ws/install/tutorials/share/tutorials/local_setup.dsv
-- Installing: /home/alexis/rso2_tutorials_ws/install/tutorials/share/tutorials/package.dsv
-- Installing: /home/alexis/rso2_tutorials_ws/install/tutorials/share/ament_index/resource_index/packages/tutorials
-- Installing: /home/alexis/rso2_tutorials_ws/install/tutorials/share/tutorials/cmake/tutorialsConfig.cmake
-- Installing: /home/alexis/rso2_tutorials_ws/install/tutorials/share/tutorials/cmake/tutorialsConfig-version.cmake
-- Installing: /home/alexis/rso2_tutorials_ws/install/tutorials/share/tutorials/package.xml
