[8.963s] Invoking command in '/home/alexis/rso2_tutorials_ws/build/examples_rclpy_minimal_action_server': PYTHONPATH=/home/alexis/rso2_tutorials_ws/build/examples_rclpy_minimal_action_server/prefix_override:/home/alexis/rso2_tutorials_ws/install/examples_rclpy_minimal_action_server/lib/python3.8/site-packages:${PYTHONPATH} /usr/bin/python3 setup.py develop --uninstall --editable --build-directory /home/alexis/rso2_tutorials_ws/build/examples_rclpy_minimal_action_server/build
[10.340s] running develop
[10.340s] Removing /home/alexis/rso2_tutorials_ws/install/examples_rclpy_minimal_action_server/lib/python3.8/site-packages/examples-rclpy-minimal-action-server.egg-link (link to .)
[12.669s] Invoked command in '/home/alexis/rso2_tutorials_ws/build/examples_rclpy_minimal_action_server' returned '0': PYTHONPATH=/home/alexis/rso2_tutorials_ws/build/examples_rclpy_minimal_action_server/prefix_override:/home/alexis/rso2_tutorials_ws/install/examples_rclpy_minimal_action_server/lib/python3.8/site-packages:${PYTHONPATH} /usr/bin/python3 setup.py develop --uninstall --editable --build-directory /home/alexis/rso2_tutorials_ws/build/examples_rclpy_minimal_action_server/build
[12.675s] Invoking command in '/home/alexis/rso2_tutorials_ws/src/examples/rclpy/actions/minimal_action_server': PYTHONPATH=/home/alexis/rso2_tutorials_ws/build/examples_rclpy_minimal_action_server/prefix_override:/home/alexis/rso2_tutorials_ws/install/examples_rclpy_minimal_action_server/lib/python3.8/site-packages:${PYTHONPATH} /usr/bin/python3 setup.py egg_info --egg-base ../../../../../build/examples_rclpy_minimal_action_server build --build-base /home/alexis/rso2_tutorials_ws/build/examples_rclpy_minimal_action_server/build install --record /home/alexis/rso2_tutorials_ws/build/examples_rclpy_minimal_action_server/install.log --single-version-externally-managed
[13.434s] running egg_info
[13.435s] writing ../../../../../build/examples_rclpy_minimal_action_server/examples_rclpy_minimal_action_server.egg-info/PKG-INFO
[13.436s] writing dependency_links to ../../../../../build/examples_rclpy_minimal_action_server/examples_rclpy_minimal_action_server.egg-info/dependency_links.txt
[13.436s] writing entry points to ../../../../../build/examples_rclpy_minimal_action_server/examples_rclpy_minimal_action_server.egg-info/entry_points.txt
[13.436s] writing requirements to ../../../../../build/examples_rclpy_minimal_action_server/examples_rclpy_minimal_action_server.egg-info/requires.txt
[13.436s] writing top-level names to ../../../../../build/examples_rclpy_minimal_action_server/examples_rclpy_minimal_action_server.egg-info/top_level.txt
[13.473s] reading manifest file '../../../../../build/examples_rclpy_minimal_action_server/examples_rclpy_minimal_action_server.egg-info/SOURCES.txt'
[13.473s] writing manifest file '../../../../../build/examples_rclpy_minimal_action_server/examples_rclpy_minimal_action_server.egg-info/SOURCES.txt'
[13.474s] running build
[13.474s] running build_py
[13.474s] creating /home/alexis/rso2_tutorials_ws/build/examples_rclpy_minimal_action_server/build
[13.474s] creating /home/alexis/rso2_tutorials_ws/build/examples_rclpy_minimal_action_server/build/lib
[13.474s] creating /home/alexis/rso2_tutorials_ws/build/examples_rclpy_minimal_action_server/build/lib/examples_rclpy_minimal_action_server
[13.474s] copying examples_rclpy_minimal_action_server/server.py -> /home/alexis/rso2_tutorials_ws/build/examples_rclpy_minimal_action_server/build/lib/examples_rclpy_minimal_action_server
[13.474s] copying examples_rclpy_minimal_action_server/server_defer.py -> /home/alexis/rso2_tutorials_ws/build/examples_rclpy_minimal_action_server/build/lib/examples_rclpy_minimal_action_server
[13.475s] copying examples_rclpy_minimal_action_server/__init__.py -> /home/alexis/rso2_tutorials_ws/build/examples_rclpy_minimal_action_server/build/lib/examples_rclpy_minimal_action_server
[13.475s] copying examples_rclpy_minimal_action_server/server_single_goal.py -> /home/alexis/rso2_tutorials_ws/build/examples_rclpy_minimal_action_server/build/lib/examples_rclpy_minimal_action_server
[13.475s] copying examples_rclpy_minimal_action_server/server_not_composable.py -> /home/alexis/rso2_tutorials_ws/build/examples_rclpy_minimal_action_server/build/lib/examples_rclpy_minimal_action_server
[13.475s] copying examples_rclpy_minimal_action_server/server_queue_goals.py -> /home/alexis/rso2_tutorials_ws/build/examples_rclpy_minimal_action_server/build/lib/examples_rclpy_minimal_action_server
[13.475s] running install
[13.477s] running install_lib
[13.478s] creating /home/alexis/rso2_tutorials_ws/install/examples_rclpy_minimal_action_server/lib/python3.8/site-packages/examples_rclpy_minimal_action_server
[13.478s] copying /home/alexis/rso2_tutorials_ws/build/examples_rclpy_minimal_action_server/build/lib/examples_rclpy_minimal_action_server/server.py -> /home/alexis/rso2_tutorials_ws/install/examples_rclpy_minimal_action_server/lib/python3.8/site-packages/examples_rclpy_minimal_action_server
[13.478s] copying /home/alexis/rso2_tutorials_ws/build/examples_rclpy_minimal_action_server/build/lib/examples_rclpy_minimal_action_server/server_defer.py -> /home/alexis/rso2_tutorials_ws/install/examples_rclpy_minimal_action_server/lib/python3.8/site-packages/examples_rclpy_minimal_action_server
[13.478s] copying /home/alexis/rso2_tutorials_ws/build/examples_rclpy_minimal_action_server/build/lib/examples_rclpy_minimal_action_server/__init__.py -> /home/alexis/rso2_tutorials_ws/install/examples_rclpy_minimal_action_server/lib/python3.8/site-packages/examples_rclpy_minimal_action_server
[13.479s] copying /home/alexis/rso2_tutorials_ws/build/examples_rclpy_minimal_action_server/build/lib/examples_rclpy_minimal_action_server/server_single_goal.py -> /home/alexis/rso2_tutorials_ws/install/examples_rclpy_minimal_action_server/lib/python3.8/site-packages/examples_rclpy_minimal_action_server
[13.479s] copying /home/alexis/rso2_tutorials_ws/build/examples_rclpy_minimal_action_server/build/lib/examples_rclpy_minimal_action_server/server_not_composable.py -> /home/alexis/rso2_tutorials_ws/install/examples_rclpy_minimal_action_server/lib/python3.8/site-packages/examples_rclpy_minimal_action_server
[13.479s] copying /home/alexis/rso2_tutorials_ws/build/examples_rclpy_minimal_action_server/build/lib/examples_rclpy_minimal_action_server/server_queue_goals.py -> /home/alexis/rso2_tutorials_ws/install/examples_rclpy_minimal_action_server/lib/python3.8/site-packages/examples_rclpy_minimal_action_server
[13.480s] byte-compiling /home/alexis/rso2_tutorials_ws/install/examples_rclpy_minimal_action_server/lib/python3.8/site-packages/examples_rclpy_minimal_action_server/server.py to server.cpython-38.pyc
[13.482s] byte-compiling /home/alexis/rso2_tutorials_ws/install/examples_rclpy_minimal_action_server/lib/python3.8/site-packages/examples_rclpy_minimal_action_server/server_defer.py to server_defer.cpython-38.pyc
[13.482s] byte-compiling /home/alexis/rso2_tutorials_ws/install/examples_rclpy_minimal_action_server/lib/python3.8/site-packages/examples_rclpy_minimal_action_server/__init__.py to __init__.cpython-38.pyc
[13.482s] byte-compiling /home/alexis/rso2_tutorials_ws/install/examples_rclpy_minimal_action_server/lib/python3.8/site-packages/examples_rclpy_minimal_action_server/server_single_goal.py to server_single_goal.cpython-38.pyc
[13.483s] byte-compiling /home/alexis/rso2_tutorials_ws/install/examples_rclpy_minimal_action_server/lib/python3.8/site-packages/examples_rclpy_minimal_action_server/server_not_composable.py to server_not_composable.cpython-38.pyc
[13.484s] byte-compiling /home/alexis/rso2_tutorials_ws/install/examples_rclpy_minimal_action_server/lib/python3.8/site-packages/examples_rclpy_minimal_action_server/server_queue_goals.py to server_queue_goals.cpython-38.pyc
[13.484s] running install_data
[13.485s] running install_egg_info
[13.488s] Copying ../../../../../build/examples_rclpy_minimal_action_server/examples_rclpy_minimal_action_server.egg-info to /home/alexis/rso2_tutorials_ws/install/examples_rclpy_minimal_action_server/lib/python3.8/site-packages/examples_rclpy_minimal_action_server-0.15.1-py3.8.egg-info
[13.489s] running install_scripts
[13.517s] Installing server script to /home/alexis/rso2_tutorials_ws/install/examples_rclpy_minimal_action_server/lib/examples_rclpy_minimal_action_server
[13.517s] Installing server_defer script to /home/alexis/rso2_tutorials_ws/install/examples_rclpy_minimal_action_server/lib/examples_rclpy_minimal_action_server
[13.518s] Installing server_not_composable script to /home/alexis/rso2_tutorials_ws/install/examples_rclpy_minimal_action_server/lib/examples_rclpy_minimal_action_server
[13.518s] Installing server_queue_goals script to /home/alexis/rso2_tutorials_ws/install/examples_rclpy_minimal_action_server/lib/examples_rclpy_minimal_action_server
[13.518s] Installing server_single_goal script to /home/alexis/rso2_tutorials_ws/install/examples_rclpy_minimal_action_server/lib/examples_rclpy_minimal_action_server
[13.518s] writing list of installed files to '/home/alexis/rso2_tutorials_ws/build/examples_rclpy_minimal_action_server/install.log'
[19.855s] Invoked command in '/home/alexis/rso2_tutorials_ws/src/examples/rclpy/actions/minimal_action_server' returned '0': PYTHONPATH=/home/alexis/rso2_tutorials_ws/build/examples_rclpy_minimal_action_server/prefix_override:/home/alexis/rso2_tutorials_ws/install/examples_rclpy_minimal_action_server/lib/python3.8/site-packages:${PYTHONPATH} /usr/bin/python3 setup.py egg_info --egg-base ../../../../../build/examples_rclpy_minimal_action_server build --build-base /home/alexis/rso2_tutorials_ws/build/examples_rclpy_minimal_action_server/build install --record /home/alexis/rso2_tutorials_ws/build/examples_rclpy_minimal_action_server/install.log --single-version-externally-managed
