running develop
Removing /home/alexis/rso2_tutorials_ws/src/tutorials/install/tutorials/lib/python3.8/site-packages/tutorials.egg-link (link to .)
running egg_info
writing build/tutorials/tutorials.egg-info/PKG-INFO
writing dependency_links to build/tutorials/tutorials.egg-info/dependency_links.txt
writing entry points to build/tutorials/tutorials.egg-info/entry_points.txt
writing requirements to build/tutorials/tutorials.egg-info/requires.txt
writing top-level names to build/tutorials/tutorials.egg-info/top_level.txt
reading manifest file 'build/tutorials/tutorials.egg-info/SOURCES.txt'
writing manifest file 'build/tutorials/tutorials.egg-info/SOURCES.txt'
running build
running build_py
copying tutorials/process.py -> /home/alexis/rso2_tutorials_ws/src/tutorials/build/tutorials/build/lib/tutorials
copying tutorials/signal.py -> /home/alexis/rso2_tutorials_ws/src/tutorials/build/tutorials/build/lib/tutorials
running install
running install_lib
creating /home/alexis/rso2_tutorials_ws/src/tutorials/install/tutorials/lib/python3.8/site-packages/tutorials
copying /home/alexis/rso2_tutorials_ws/src/tutorials/build/tutorials/build/lib/tutorials/process.py -> /home/alexis/rso2_tutorials_ws/src/tutorials/install/tutorials/lib/python3.8/site-packages/tutorials
copying /home/alexis/rso2_tutorials_ws/src/tutorials/build/tutorials/build/lib/tutorials/__init__.py -> /home/alexis/rso2_tutorials_ws/src/tutorials/install/tutorials/lib/python3.8/site-packages/tutorials
copying /home/alexis/rso2_tutorials_ws/src/tutorials/build/tutorials/build/lib/tutorials/signal.py -> /home/alexis/rso2_tutorials_ws/src/tutorials/install/tutorials/lib/python3.8/site-packages/tutorials
copying /home/alexis/rso2_tutorials_ws/src/tutorials/build/tutorials/build/lib/tutorials/test.py -> /home/alexis/rso2_tutorials_ws/src/tutorials/install/tutorials/lib/python3.8/site-packages/tutorials
byte-compiling /home/alexis/rso2_tutorials_ws/src/tutorials/install/tutorials/lib/python3.8/site-packages/tutorials/process.py to process.cpython-38.pyc
byte-compiling /home/alexis/rso2_tutorials_ws/src/tutorials/install/tutorials/lib/python3.8/site-packages/tutorials/__init__.py to __init__.cpython-38.pyc
byte-compiling /home/alexis/rso2_tutorials_ws/src/tutorials/install/tutorials/lib/python3.8/site-packages/tutorials/signal.py to signal.cpython-38.pyc
byte-compiling /home/alexis/rso2_tutorials_ws/src/tutorials/install/tutorials/lib/python3.8/site-packages/tutorials/test.py to test.cpython-38.pyc
running install_data
running install_egg_info
Copying build/tutorials/tutorials.egg-info to /home/alexis/rso2_tutorials_ws/src/tutorials/install/tutorials/lib/python3.8/site-packages/tutorials-0.0.0-py3.8.egg-info
running install_scripts
Installing process script to /home/alexis/rso2_tutorials_ws/src/tutorials/install/tutorials/lib/tutorials
Installing signal script to /home/alexis/rso2_tutorials_ws/src/tutorials/install/tutorials/lib/tutorials
writing list of installed files to '/home/alexis/rso2_tutorials_ws/src/tutorials/build/tutorials/install.log'
