[2.422s] Invoking command in '/home/alexis/rso2_tutorials_ws/src/tutorials/build/tutorials': PYTHONPATH=/home/alexis/rso2_tutorials_ws/src/tutorials/build/tutorials/prefix_override:/home/alexis/rso2_tutorials_ws/src/tutorials/install/tutorials/lib/python3.8/site-packages:${PYTHONPATH} /usr/bin/python3 setup.py develop --uninstall --editable --build-directory /home/alexis/rso2_tutorials_ws/src/tutorials/build/tutorials/build
[3.146s] running develop
[3.373s] Removing /home/alexis/rso2_tutorials_ws/src/tutorials/install/tutorials/lib/python3.8/site-packages/tutorials.egg-link (link to .)
[3.397s] Invoked command in '/home/alexis/rso2_tutorials_ws/src/tutorials/build/tutorials' returned '0': PYTHONPATH=/home/alexis/rso2_tutorials_ws/src/tutorials/build/tutorials/prefix_override:/home/alexis/rso2_tutorials_ws/src/tutorials/install/tutorials/lib/python3.8/site-packages:${PYTHONPATH} /usr/bin/python3 setup.py develop --uninstall --editable --build-directory /home/alexis/rso2_tutorials_ws/src/tutorials/build/tutorials/build
[3.402s] Invoking command in '/home/alexis/rso2_tutorials_ws/src/tutorials': PYTHONPATH=/home/alexis/rso2_tutorials_ws/src/tutorials/build/tutorials/prefix_override:/home/alexis/rso2_tutorials_ws/src/tutorials/install/tutorials/lib/python3.8/site-packages:${PYTHONPATH} /usr/bin/python3 setup.py egg_info --egg-base build/tutorials build --build-base /home/alexis/rso2_tutorials_ws/src/tutorials/build/tutorials/build install --record /home/alexis/rso2_tutorials_ws/src/tutorials/build/tutorials/install.log --single-version-externally-managed
[4.113s] running egg_info
[4.114s] writing build/tutorials/tutorials.egg-info/PKG-INFO
[4.114s] writing dependency_links to build/tutorials/tutorials.egg-info/dependency_links.txt
[4.114s] writing entry points to build/tutorials/tutorials.egg-info/entry_points.txt
[4.114s] writing requirements to build/tutorials/tutorials.egg-info/requires.txt
[4.114s] writing top-level names to build/tutorials/tutorials.egg-info/top_level.txt
[4.147s] reading manifest file 'build/tutorials/tutorials.egg-info/SOURCES.txt'
[4.149s] writing manifest file 'build/tutorials/tutorials.egg-info/SOURCES.txt'
[4.149s] running build
[4.149s] running build_py
[4.150s] copying tutorials/process.py -> /home/alexis/rso2_tutorials_ws/src/tutorials/build/tutorials/build/lib/tutorials
[4.150s] copying tutorials/signal.py -> /home/alexis/rso2_tutorials_ws/src/tutorials/build/tutorials/build/lib/tutorials
[4.150s] running install
[4.153s] running install_lib
[4.154s] creating /home/alexis/rso2_tutorials_ws/src/tutorials/install/tutorials/lib/python3.8/site-packages/tutorials
[4.154s] copying /home/alexis/rso2_tutorials_ws/src/tutorials/build/tutorials/build/lib/tutorials/process.py -> /home/alexis/rso2_tutorials_ws/src/tutorials/install/tutorials/lib/python3.8/site-packages/tutorials
[4.154s] copying /home/alexis/rso2_tutorials_ws/src/tutorials/build/tutorials/build/lib/tutorials/__init__.py -> /home/alexis/rso2_tutorials_ws/src/tutorials/install/tutorials/lib/python3.8/site-packages/tutorials
[4.154s] copying /home/alexis/rso2_tutorials_ws/src/tutorials/build/tutorials/build/lib/tutorials/signal.py -> /home/alexis/rso2_tutorials_ws/src/tutorials/install/tutorials/lib/python3.8/site-packages/tutorials
[4.154s] copying /home/alexis/rso2_tutorials_ws/src/tutorials/build/tutorials/build/lib/tutorials/test.py -> /home/alexis/rso2_tutorials_ws/src/tutorials/install/tutorials/lib/python3.8/site-packages/tutorials
[4.156s] byte-compiling /home/alexis/rso2_tutorials_ws/src/tutorials/install/tutorials/lib/python3.8/site-packages/tutorials/process.py to process.cpython-38.pyc
[4.157s] byte-compiling /home/alexis/rso2_tutorials_ws/src/tutorials/install/tutorials/lib/python3.8/site-packages/tutorials/__init__.py to __init__.cpython-38.pyc
[4.157s] byte-compiling /home/alexis/rso2_tutorials_ws/src/tutorials/install/tutorials/lib/python3.8/site-packages/tutorials/signal.py to signal.cpython-38.pyc
[4.157s] byte-compiling /home/alexis/rso2_tutorials_ws/src/tutorials/install/tutorials/lib/python3.8/site-packages/tutorials/test.py to test.cpython-38.pyc
[4.157s] running install_data
[4.158s] running install_egg_info
[4.161s] Copying build/tutorials/tutorials.egg-info to /home/alexis/rso2_tutorials_ws/src/tutorials/install/tutorials/lib/python3.8/site-packages/tutorials-0.0.0-py3.8.egg-info
[4.161s] running install_scripts
[4.185s] Installing process script to /home/alexis/rso2_tutorials_ws/src/tutorials/install/tutorials/lib/tutorials
[4.185s] Installing signal script to /home/alexis/rso2_tutorials_ws/src/tutorials/install/tutorials/lib/tutorials
[4.185s] writing list of installed files to '/home/alexis/rso2_tutorials_ws/src/tutorials/build/tutorials/install.log'
[4.209s] Invoked command in '/home/alexis/rso2_tutorials_ws/src/tutorials' returned '0': PYTHONPATH=/home/alexis/rso2_tutorials_ws/src/tutorials/build/tutorials/prefix_override:/home/alexis/rso2_tutorials_ws/src/tutorials/install/tutorials/lib/python3.8/site-packages:${PYTHONPATH} /usr/bin/python3 setup.py egg_info --egg-base build/tutorials build --build-base /home/alexis/rso2_tutorials_ws/src/tutorials/build/tutorials/build install --record /home/alexis/rso2_tutorials_ws/src/tutorials/build/tutorials/install.log --single-version-externally-managed
