[10.041s] Invoking command in '/home/alexis/rso2_tutorials_ws/build/examples_rclpy_pointcloud_publisher': PYTHONPATH=/home/alexis/rso2_tutorials_ws/build/examples_rclpy_pointcloud_publisher/prefix_override:/home/alexis/rso2_tutorials_ws/install/examples_rclpy_pointcloud_publisher/lib/python3.8/site-packages:${PYTHONPATH} /usr/bin/python3 setup.py develop --uninstall --editable --build-directory /home/alexis/rso2_tutorials_ws/build/examples_rclpy_pointcloud_publisher/build
[10.817s] running develop
[11.065s] Removing /home/alexis/rso2_tutorials_ws/install/examples_rclpy_pointcloud_publisher/lib/python3.8/site-packages/examples-rclpy-pointcloud-publisher.egg-link (link to .)
[11.100s] Invoked command in '/home/alexis/rso2_tutorials_ws/build/examples_rclpy_pointcloud_publisher' returned '0': PYTHONPATH=/home/alexis/rso2_tutorials_ws/build/examples_rclpy_pointcloud_publisher/prefix_override:/home/alexis/rso2_tutorials_ws/install/examples_rclpy_pointcloud_publisher/lib/python3.8/site-packages:${PYTHONPATH} /usr/bin/python3 setup.py develop --uninstall --editable --build-directory /home/alexis/rso2_tutorials_ws/build/examples_rclpy_pointcloud_publisher/build
[11.105s] Invoking command in '/home/alexis/rso2_tutorials_ws/src/examples/rclpy/topics/pointcloud_publisher': PYTHONPATH=/home/alexis/rso2_tutorials_ws/build/examples_rclpy_pointcloud_publisher/prefix_override:/home/alexis/rso2_tutorials_ws/install/examples_rclpy_pointcloud_publisher/lib/python3.8/site-packages:${PYTHONPATH} /usr/bin/python3 setup.py egg_info --egg-base ../../../../../build/examples_rclpy_pointcloud_publisher build --build-base /home/alexis/rso2_tutorials_ws/build/examples_rclpy_pointcloud_publisher/build install --record /home/alexis/rso2_tutorials_ws/build/examples_rclpy_pointcloud_publisher/install.log --single-version-externally-managed
[11.859s] running egg_info
[11.859s] writing ../../../../../build/examples_rclpy_pointcloud_publisher/examples_rclpy_pointcloud_publisher.egg-info/PKG-INFO
[11.859s] writing dependency_links to ../../../../../build/examples_rclpy_pointcloud_publisher/examples_rclpy_pointcloud_publisher.egg-info/dependency_links.txt
[11.860s] writing entry points to ../../../../../build/examples_rclpy_pointcloud_publisher/examples_rclpy_pointcloud_publisher.egg-info/entry_points.txt
[11.860s] writing requirements to ../../../../../build/examples_rclpy_pointcloud_publisher/examples_rclpy_pointcloud_publisher.egg-info/requires.txt
[11.860s] writing top-level names to ../../../../../build/examples_rclpy_pointcloud_publisher/examples_rclpy_pointcloud_publisher.egg-info/top_level.txt
[11.903s] reading manifest file '../../../../../build/examples_rclpy_pointcloud_publisher/examples_rclpy_pointcloud_publisher.egg-info/SOURCES.txt'
[11.904s] writing manifest file '../../../../../build/examples_rclpy_pointcloud_publisher/examples_rclpy_pointcloud_publisher.egg-info/SOURCES.txt'
[11.904s] running build
[11.904s] running build_py
[11.904s] creating /home/alexis/rso2_tutorials_ws/build/examples_rclpy_pointcloud_publisher/build
[11.904s] creating /home/alexis/rso2_tutorials_ws/build/examples_rclpy_pointcloud_publisher/build/lib
[11.904s] creating /home/alexis/rso2_tutorials_ws/build/examples_rclpy_pointcloud_publisher/build/lib/examples_rclpy_pointcloud_publisher
[11.904s] copying examples_rclpy_pointcloud_publisher/__init__.py -> /home/alexis/rso2_tutorials_ws/build/examples_rclpy_pointcloud_publisher/build/lib/examples_rclpy_pointcloud_publisher
[11.904s] copying examples_rclpy_pointcloud_publisher/pointcloud_publisher.py -> /home/alexis/rso2_tutorials_ws/build/examples_rclpy_pointcloud_publisher/build/lib/examples_rclpy_pointcloud_publisher
[11.904s] running install
[11.907s] running install_lib
[11.908s] creating /home/alexis/rso2_tutorials_ws/install/examples_rclpy_pointcloud_publisher/lib/python3.8/site-packages/examples_rclpy_pointcloud_publisher
[11.908s] copying /home/alexis/rso2_tutorials_ws/build/examples_rclpy_pointcloud_publisher/build/lib/examples_rclpy_pointcloud_publisher/__init__.py -> /home/alexis/rso2_tutorials_ws/install/examples_rclpy_pointcloud_publisher/lib/python3.8/site-packages/examples_rclpy_pointcloud_publisher
[11.908s] copying /home/alexis/rso2_tutorials_ws/build/examples_rclpy_pointcloud_publisher/build/lib/examples_rclpy_pointcloud_publisher/pointcloud_publisher.py -> /home/alexis/rso2_tutorials_ws/install/examples_rclpy_pointcloud_publisher/lib/python3.8/site-packages/examples_rclpy_pointcloud_publisher
[11.910s] byte-compiling /home/alexis/rso2_tutorials_ws/install/examples_rclpy_pointcloud_publisher/lib/python3.8/site-packages/examples_rclpy_pointcloud_publisher/__init__.py to __init__.cpython-38.pyc
[11.911s] byte-compiling /home/alexis/rso2_tutorials_ws/install/examples_rclpy_pointcloud_publisher/lib/python3.8/site-packages/examples_rclpy_pointcloud_publisher/pointcloud_publisher.py to pointcloud_publisher.cpython-38.pyc
[11.911s] running install_data
[11.912s] running install_egg_info
[11.915s] Copying ../../../../../build/examples_rclpy_pointcloud_publisher/examples_rclpy_pointcloud_publisher.egg-info to /home/alexis/rso2_tutorials_ws/install/examples_rclpy_pointcloud_publisher/lib/python3.8/site-packages/examples_rclpy_pointcloud_publisher-0.15.1-py3.8.egg-info
[11.916s] running install_scripts
[11.943s] Installing pointcloud_publisher script to /home/alexis/rso2_tutorials_ws/install/examples_rclpy_pointcloud_publisher/lib/examples_rclpy_pointcloud_publisher
[11.944s] writing list of installed files to '/home/alexis/rso2_tutorials_ws/build/examples_rclpy_pointcloud_publisher/install.log'
[12.477s] Invoked command in '/home/alexis/rso2_tutorials_ws/src/examples/rclpy/topics/pointcloud_publisher' returned '0': PYTHONPATH=/home/alexis/rso2_tutorials_ws/build/examples_rclpy_pointcloud_publisher/prefix_override:/home/alexis/rso2_tutorials_ws/install/examples_rclpy_pointcloud_publisher/lib/python3.8/site-packages:${PYTHONPATH} /usr/bin/python3 setup.py egg_info --egg-base ../../../../../build/examples_rclpy_pointcloud_publisher build --build-base /home/alexis/rso2_tutorials_ws/build/examples_rclpy_pointcloud_publisher/build install --record /home/alexis/rso2_tutorials_ws/build/examples_rclpy_pointcloud_publisher/install.log --single-version-externally-managed
