[8.860s] Invoking command in '/home/alexis/rso2_tutorials_ws/build/examples_rclpy_minimal_action_server': PYTHONPATH=/home/alexis/rso2_tutorials_ws/build/examples_rclpy_minimal_action_server/prefix_override:/home/alexis/rso2_tutorials_ws/install/examples_rclpy_minimal_action_server/lib/python3.8/site-packages:${PYTHONPATH} /usr/bin/python3 setup.py develop --editable --build-directory /home/alexis/rso2_tutorials_ws/build/examples_rclpy_minimal_action_server/build --no-deps install_data
[11.133s] running develop
[11.133s] running egg_info
[11.133s] creating examples_rclpy_minimal_action_server.egg-info
[11.133s] writing examples_rclpy_minimal_action_server.egg-info/PKG-INFO
[11.134s] writing dependency_links to examples_rclpy_minimal_action_server.egg-info/dependency_links.txt
[11.134s] writing entry points to examples_rclpy_minimal_action_server.egg-info/entry_points.txt
[11.134s] writing requirements to examples_rclpy_minimal_action_server.egg-info/requires.txt
[11.134s] writing top-level names to examples_rclpy_minimal_action_server.egg-info/top_level.txt
[11.134s] writing manifest file 'examples_rclpy_minimal_action_server.egg-info/SOURCES.txt'
[11.134s] reading manifest file 'examples_rclpy_minimal_action_server.egg-info/SOURCES.txt'
[11.134s] writing manifest file 'examples_rclpy_minimal_action_server.egg-info/SOURCES.txt'
[11.134s] running build_ext
[11.134s] Creating /home/alexis/rso2_tutorials_ws/install/examples_rclpy_minimal_action_server/lib/python3.8/site-packages/site.py
[11.134s] Creating /home/alexis/rso2_tutorials_ws/install/examples_rclpy_minimal_action_server/lib/python3.8/site-packages/examples-rclpy-minimal-action-server.egg-link (link to .)
[11.134s] Installing server script to /home/alexis/rso2_tutorials_ws/install/examples_rclpy_minimal_action_server/lib/examples_rclpy_minimal_action_server
[11.135s] Installing server_defer script to /home/alexis/rso2_tutorials_ws/install/examples_rclpy_minimal_action_server/lib/examples_rclpy_minimal_action_server
[11.136s] Installing server_not_composable script to /home/alexis/rso2_tutorials_ws/install/examples_rclpy_minimal_action_server/lib/examples_rclpy_minimal_action_server
[11.136s] Installing server_queue_goals script to /home/alexis/rso2_tutorials_ws/install/examples_rclpy_minimal_action_server/lib/examples_rclpy_minimal_action_server
[11.136s] Installing server_single_goal script to /home/alexis/rso2_tutorials_ws/install/examples_rclpy_minimal_action_server/lib/examples_rclpy_minimal_action_server
[11.136s] 
[11.142s] Installed /home/alexis/rso2_tutorials_ws/build/examples_rclpy_minimal_action_server
[11.142s] running install_data
[11.147s] creating /home/alexis/rso2_tutorials_ws/install/examples_rclpy_minimal_action_server/share/ament_index
[11.148s] creating /home/alexis/rso2_tutorials_ws/install/examples_rclpy_minimal_action_server/share/ament_index/resource_index
[11.148s] creating /home/alexis/rso2_tutorials_ws/install/examples_rclpy_minimal_action_server/share/ament_index/resource_index/packages
[11.148s] copying resource/examples_rclpy_minimal_action_server -> /home/alexis/rso2_tutorials_ws/install/examples_rclpy_minimal_action_server/share/ament_index/resource_index/packages
[11.148s] copying package.xml -> /home/alexis/rso2_tutorials_ws/install/examples_rclpy_minimal_action_server/share/examples_rclpy_minimal_action_server
[11.481s] Invoked command in '/home/alexis/rso2_tutorials_ws/build/examples_rclpy_minimal_action_server' returned '0': PYTHONPATH=/home/alexis/rso2_tutorials_ws/build/examples_rclpy_minimal_action_server/prefix_override:/home/alexis/rso2_tutorials_ws/install/examples_rclpy_minimal_action_server/lib/python3.8/site-packages:${PYTHONPATH} /usr/bin/python3 setup.py develop --editable --build-directory /home/alexis/rso2_tutorials_ws/build/examples_rclpy_minimal_action_server/build --no-deps install_data
