[9.175s] Invoking command in '/home/alexis/rso2_tutorials_ws/build/examples_rclpy_minimal_action_client': PYTHONPATH=/home/alexis/rso2_tutorials_ws/build/examples_rclpy_minimal_action_client/prefix_override:/home/alexis/rso2_tutorials_ws/install/examples_rclpy_minimal_action_client/lib/python3.8/site-packages:${PYTHONPATH} /usr/bin/python3 setup.py develop --editable --build-directory /home/alexis/rso2_tutorials_ws/build/examples_rclpy_minimal_action_client/build --no-deps install_data
[11.447s] running develop
[11.447s] running egg_info
[11.447s] creating examples_rclpy_minimal_action_client.egg-info
[11.447s] writing examples_rclpy_minimal_action_client.egg-info/PKG-INFO
[11.447s] writing dependency_links to examples_rclpy_minimal_action_client.egg-info/dependency_links.txt
[11.447s] writing entry points to examples_rclpy_minimal_action_client.egg-info/entry_points.txt
[11.448s] writing requirements to examples_rclpy_minimal_action_client.egg-info/requires.txt
[11.448s] writing top-level names to examples_rclpy_minimal_action_client.egg-info/top_level.txt
[11.448s] writing manifest file 'examples_rclpy_minimal_action_client.egg-info/SOURCES.txt'
[11.448s] reading manifest file 'examples_rclpy_minimal_action_client.egg-info/SOURCES.txt'
[11.448s] writing manifest file 'examples_rclpy_minimal_action_client.egg-info/SOURCES.txt'
[11.448s] running build_ext
[11.448s] Creating /home/alexis/rso2_tutorials_ws/install/examples_rclpy_minimal_action_client/lib/python3.8/site-packages/site.py
[11.448s] Creating /home/alexis/rso2_tutorials_ws/install/examples_rclpy_minimal_action_client/lib/python3.8/site-packages/examples-rclpy-minimal-action-client.egg-link (link to .)
[11.448s] Installing client script to /home/alexis/rso2_tutorials_ws/install/examples_rclpy_minimal_action_client/lib/examples_rclpy_minimal_action_client
[11.448s] Installing client_asyncio script to /home/alexis/rso2_tutorials_ws/install/examples_rclpy_minimal_action_client/lib/examples_rclpy_minimal_action_client
[11.449s] Installing client_cancel script to /home/alexis/rso2_tutorials_ws/install/examples_rclpy_minimal_action_client/lib/examples_rclpy_minimal_action_client
[11.449s] Installing client_not_composable script to /home/alexis/rso2_tutorials_ws/install/examples_rclpy_minimal_action_client/lib/examples_rclpy_minimal_action_client
[11.449s] 
[11.449s] Installed /home/alexis/rso2_tutorials_ws/build/examples_rclpy_minimal_action_client
[11.449s] running install_data
[11.449s] creating /home/alexis/rso2_tutorials_ws/install/examples_rclpy_minimal_action_client/share/ament_index
[11.450s] creating /home/alexis/rso2_tutorials_ws/install/examples_rclpy_minimal_action_client/share/ament_index/resource_index
[11.450s] creating /home/alexis/rso2_tutorials_ws/install/examples_rclpy_minimal_action_client/share/ament_index/resource_index/packages
[11.450s] copying resource/examples_rclpy_minimal_action_client -> /home/alexis/rso2_tutorials_ws/install/examples_rclpy_minimal_action_client/share/ament_index/resource_index/packages
[11.450s] copying package.xml -> /home/alexis/rso2_tutorials_ws/install/examples_rclpy_minimal_action_client/share/examples_rclpy_minimal_action_client
[12.281s] Invoked command in '/home/alexis/rso2_tutorials_ws/build/examples_rclpy_minimal_action_client' returned '0': PYTHONPATH=/home/alexis/rso2_tutorials_ws/build/examples_rclpy_minimal_action_client/prefix_override:/home/alexis/rso2_tutorials_ws/install/examples_rclpy_minimal_action_client/lib/python3.8/site-packages:${PYTHONPATH} /usr/bin/python3 setup.py develop --editable --build-directory /home/alexis/rso2_tutorials_ws/build/examples_rclpy_minimal_action_client/build --no-deps install_data
