[71.637s] Invoking command in '/home/alexis/rso2_tutorials_ws/build/examples_rclpy_minimal_publisher': PYTHONPATH=/home/alexis/rso2_tutorials_ws/build/examples_rclpy_minimal_publisher/prefix_override:/home/alexis/rso2_tutorials_ws/install/examples_rclpy_minimal_publisher/lib/python3.8/site-packages:${PYTHONPATH} /usr/bin/python3 setup.py develop --editable --build-directory /home/alexis/rso2_tutorials_ws/build/examples_rclpy_minimal_publisher/build --no-deps install_data
[73.935s] running develop
[74.673s] running egg_info
[74.674s] creating examples_rclpy_minimal_publisher.egg-info
[74.675s] writing examples_rclpy_minimal_publisher.egg-info/PKG-INFO
[74.677s] writing dependency_links to examples_rclpy_minimal_publisher.egg-info/dependency_links.txt
[74.678s] writing entry points to examples_rclpy_minimal_publisher.egg-info/entry_points.txt
[74.678s] writing requirements to examples_rclpy_minimal_publisher.egg-info/requires.txt
[74.680s] writing top-level names to examples_rclpy_minimal_publisher.egg-info/top_level.txt
[74.681s] writing manifest file 'examples_rclpy_minimal_publisher.egg-info/SOURCES.txt'
[74.761s] reading manifest file 'examples_rclpy_minimal_publisher.egg-info/SOURCES.txt'
[74.762s] writing manifest file 'examples_rclpy_minimal_publisher.egg-info/SOURCES.txt'
[74.971s] running build_ext
[74.973s] Creating /home/alexis/rso2_tutorials_ws/install/examples_rclpy_minimal_publisher/lib/python3.8/site-packages/site.py
[74.973s] Creating /home/alexis/rso2_tutorials_ws/install/examples_rclpy_minimal_publisher/lib/python3.8/site-packages/examples-rclpy-minimal-publisher.egg-link (link to .)
[74.974s] Installing publisher_local_function script to /home/alexis/rso2_tutorials_ws/install/examples_rclpy_minimal_publisher/lib/examples_rclpy_minimal_publisher
[74.975s] Installing publisher_member_function script to /home/alexis/rso2_tutorials_ws/install/examples_rclpy_minimal_publisher/lib/examples_rclpy_minimal_publisher
[74.976s] Installing publisher_old_school script to /home/alexis/rso2_tutorials_ws/install/examples_rclpy_minimal_publisher/lib/examples_rclpy_minimal_publisher
[74.977s] 
[74.978s] Installed /home/alexis/rso2_tutorials_ws/build/examples_rclpy_minimal_publisher
[74.978s] running install_data
[74.979s] creating /home/alexis/rso2_tutorials_ws/install/examples_rclpy_minimal_publisher/share/ament_index
[74.980s] creating /home/alexis/rso2_tutorials_ws/install/examples_rclpy_minimal_publisher/share/ament_index/resource_index
[74.981s] creating /home/alexis/rso2_tutorials_ws/install/examples_rclpy_minimal_publisher/share/ament_index/resource_index/packages
[74.982s] copying resource/examples_rclpy_minimal_publisher -> /home/alexis/rso2_tutorials_ws/install/examples_rclpy_minimal_publisher/share/ament_index/resource_index/packages
[74.983s] copying package.xml -> /home/alexis/rso2_tutorials_ws/install/examples_rclpy_minimal_publisher/share/examples_rclpy_minimal_publisher
[77.770s] Invoked command in '/home/alexis/rso2_tutorials_ws/build/examples_rclpy_minimal_publisher' returned '0': PYTHONPATH=/home/alexis/rso2_tutorials_ws/build/examples_rclpy_minimal_publisher/prefix_override:/home/alexis/rso2_tutorials_ws/install/examples_rclpy_minimal_publisher/lib/python3.8/site-packages:${PYTHONPATH} /usr/bin/python3 setup.py develop --editable --build-directory /home/alexis/rso2_tutorials_ws/build/examples_rclpy_minimal_publisher/build --no-deps install_data
