[10.650s] Invoking command in '/home/alexis/rso2_tutorials_ws/build/examples_rclpy_minimal_service': PYTHONPATH=/home/alexis/rso2_tutorials_ws/build/examples_rclpy_minimal_service/prefix_override:/home/alexis/rso2_tutorials_ws/install/examples_rclpy_minimal_service/lib/python3.8/site-packages:${PYTHONPATH} /usr/bin/python3 setup.py develop --uninstall --editable --build-directory /home/alexis/rso2_tutorials_ws/build/examples_rclpy_minimal_service/build
[11.497s] running develop
[11.751s] Removing /home/alexis/rso2_tutorials_ws/install/examples_rclpy_minimal_service/lib/python3.8/site-packages/examples-rclpy-minimal-service.egg-link (link to .)
[11.784s] Invoked command in '/home/alexis/rso2_tutorials_ws/build/examples_rclpy_minimal_service' returned '0': PYTHONPATH=/home/alexis/rso2_tutorials_ws/build/examples_rclpy_minimal_service/prefix_override:/home/alexis/rso2_tutorials_ws/install/examples_rclpy_minimal_service/lib/python3.8/site-packages:${PYTHONPATH} /usr/bin/python3 setup.py develop --uninstall --editable --build-directory /home/alexis/rso2_tutorials_ws/build/examples_rclpy_minimal_service/build
[11.789s] Invoking command in '/home/alexis/rso2_tutorials_ws/src/examples/rclpy/services/minimal_service': PYTHONPATH=/home/alexis/rso2_tutorials_ws/build/examples_rclpy_minimal_service/prefix_override:/home/alexis/rso2_tutorials_ws/install/examples_rclpy_minimal_service/lib/python3.8/site-packages:${PYTHONPATH} /usr/bin/python3 setup.py egg_info --egg-base ../../../../../build/examples_rclpy_minimal_service build --build-base /home/alexis/rso2_tutorials_ws/build/examples_rclpy_minimal_service/build install --record /home/alexis/rso2_tutorials_ws/build/examples_rclpy_minimal_service/install.log --single-version-externally-managed
[12.549s] running egg_info
[12.550s] writing ../../../../../build/examples_rclpy_minimal_service/examples_rclpy_minimal_service.egg-info/PKG-INFO
[12.550s] writing dependency_links to ../../../../../build/examples_rclpy_minimal_service/examples_rclpy_minimal_service.egg-info/dependency_links.txt
[12.550s] writing entry points to ../../../../../build/examples_rclpy_minimal_service/examples_rclpy_minimal_service.egg-info/entry_points.txt
[12.550s] writing requirements to ../../../../../build/examples_rclpy_minimal_service/examples_rclpy_minimal_service.egg-info/requires.txt
[12.551s] writing top-level names to ../../../../../build/examples_rclpy_minimal_service/examples_rclpy_minimal_service.egg-info/top_level.txt
[12.596s] reading manifest file '../../../../../build/examples_rclpy_minimal_service/examples_rclpy_minimal_service.egg-info/SOURCES.txt'
[12.596s] writing manifest file '../../../../../build/examples_rclpy_minimal_service/examples_rclpy_minimal_service.egg-info/SOURCES.txt'
[12.596s] running build
[12.596s] running build_py
[12.596s] creating /home/alexis/rso2_tutorials_ws/build/examples_rclpy_minimal_service/build
[12.597s] creating /home/alexis/rso2_tutorials_ws/build/examples_rclpy_minimal_service/build/lib
[12.597s] creating /home/alexis/rso2_tutorials_ws/build/examples_rclpy_minimal_service/build/lib/examples_rclpy_minimal_service
[12.598s] copying examples_rclpy_minimal_service/service.py -> /home/alexis/rso2_tutorials_ws/build/examples_rclpy_minimal_service/build/lib/examples_rclpy_minimal_service
[12.599s] copying examples_rclpy_minimal_service/service_member_function.py -> /home/alexis/rso2_tutorials_ws/build/examples_rclpy_minimal_service/build/lib/examples_rclpy_minimal_service
[12.599s] copying examples_rclpy_minimal_service/__init__.py -> /home/alexis/rso2_tutorials_ws/build/examples_rclpy_minimal_service/build/lib/examples_rclpy_minimal_service
[12.599s] running install
[12.600s] running install_lib
[12.600s] creating /home/alexis/rso2_tutorials_ws/install/examples_rclpy_minimal_service/lib/python3.8/site-packages/examples_rclpy_minimal_service
[12.600s] copying /home/alexis/rso2_tutorials_ws/build/examples_rclpy_minimal_service/build/lib/examples_rclpy_minimal_service/service.py -> /home/alexis/rso2_tutorials_ws/install/examples_rclpy_minimal_service/lib/python3.8/site-packages/examples_rclpy_minimal_service
[12.602s] copying /home/alexis/rso2_tutorials_ws/build/examples_rclpy_minimal_service/build/lib/examples_rclpy_minimal_service/service_member_function.py -> /home/alexis/rso2_tutorials_ws/install/examples_rclpy_minimal_service/lib/python3.8/site-packages/examples_rclpy_minimal_service
[12.602s] copying /home/alexis/rso2_tutorials_ws/build/examples_rclpy_minimal_service/build/lib/examples_rclpy_minimal_service/__init__.py -> /home/alexis/rso2_tutorials_ws/install/examples_rclpy_minimal_service/lib/python3.8/site-packages/examples_rclpy_minimal_service
[12.611s] byte-compiling /home/alexis/rso2_tutorials_ws/install/examples_rclpy_minimal_service/lib/python3.8/site-packages/examples_rclpy_minimal_service/service.py to service.cpython-38.pyc
[12.612s] byte-compiling /home/alexis/rso2_tutorials_ws/install/examples_rclpy_minimal_service/lib/python3.8/site-packages/examples_rclpy_minimal_service/service_member_function.py to service_member_function.cpython-38.pyc
[12.612s] byte-compiling /home/alexis/rso2_tutorials_ws/install/examples_rclpy_minimal_service/lib/python3.8/site-packages/examples_rclpy_minimal_service/__init__.py to __init__.cpython-38.pyc
[12.612s] running install_data
[12.612s] running install_egg_info
[12.613s] Copying ../../../../../build/examples_rclpy_minimal_service/examples_rclpy_minimal_service.egg-info to /home/alexis/rso2_tutorials_ws/install/examples_rclpy_minimal_service/lib/python3.8/site-packages/examples_rclpy_minimal_service-0.15.1-py3.8.egg-info
[12.615s] running install_scripts
[12.633s] Installing service script to /home/alexis/rso2_tutorials_ws/install/examples_rclpy_minimal_service/lib/examples_rclpy_minimal_service
[12.633s] Installing service_member_function script to /home/alexis/rso2_tutorials_ws/install/examples_rclpy_minimal_service/lib/examples_rclpy_minimal_service
[12.634s] writing list of installed files to '/home/alexis/rso2_tutorials_ws/build/examples_rclpy_minimal_service/install.log'
[12.916s] Invoked command in '/home/alexis/rso2_tutorials_ws/src/examples/rclpy/services/minimal_service' returned '0': PYTHONPATH=/home/alexis/rso2_tutorials_ws/build/examples_rclpy_minimal_service/prefix_override:/home/alexis/rso2_tutorials_ws/install/examples_rclpy_minimal_service/lib/python3.8/site-packages:${PYTHONPATH} /usr/bin/python3 setup.py egg_info --egg-base ../../../../../build/examples_rclpy_minimal_service build --build-base /home/alexis/rso2_tutorials_ws/build/examples_rclpy_minimal_service/build install --record /home/alexis/rso2_tutorials_ws/build/examples_rclpy_minimal_service/install.log --single-version-externally-managed
