[2.323s] Invoking command in '/home/alexis/rso2_tutorials_ws/src/tutorials': PYTHONPATH=/home/alexis/rso2_tutorials_ws/src/tutorials/build/tutorials/prefix_override:/home/alexis/rso2_tutorials_ws/src/tutorials/install/tutorials/lib/python3.8/site-packages:${PYTHONPATH} /usr/bin/python3 setup.py egg_info --egg-base build/tutorials build --build-base /home/alexis/rso2_tutorials_ws/src/tutorials/build/tutorials/build install --record /home/alexis/rso2_tutorials_ws/src/tutorials/build/tutorials/install.log --single-version-externally-managed
[3.005s] running egg_info
[3.005s] creating build/tutorials/tutorials.egg-info
[3.006s] writing build/tutorials/tutorials.egg-info/PKG-INFO
[3.006s] writing dependency_links to build/tutorials/tutorials.egg-info/dependency_links.txt
[3.006s] writing entry points to build/tutorials/tutorials.egg-info/entry_points.txt
[3.006s] writing requirements to build/tutorials/tutorials.egg-info/requires.txt
[3.006s] writing top-level names to build/tutorials/tutorials.egg-info/top_level.txt
[3.006s] writing manifest file 'build/tutorials/tutorials.egg-info/SOURCES.txt'
[3.040s] reading manifest file 'build/tutorials/tutorials.egg-info/SOURCES.txt'
[3.040s] writing manifest file 'build/tutorials/tutorials.egg-info/SOURCES.txt'
[3.040s] running build
[3.040s] running build_py
[3.040s] creating /home/alexis/rso2_tutorials_ws/src/tutorials/build/tutorials/build
[3.041s] creating /home/alexis/rso2_tutorials_ws/src/tutorials/build/tutorials/build/lib
[3.041s] creating /home/alexis/rso2_tutorials_ws/src/tutorials/build/tutorials/build/lib/tutorials
[3.041s] copying tutorials/__init__.py -> /home/alexis/rso2_tutorials_ws/src/tutorials/build/tutorials/build/lib/tutorials
[3.041s] copying tutorials/test.py -> /home/alexis/rso2_tutorials_ws/src/tutorials/build/tutorials/build/lib/tutorials
[3.041s] running install
[3.042s] running install_lib
[3.043s] creating /home/alexis/rso2_tutorials_ws/src/tutorials/install/tutorials/lib/python3.8/site-packages/tutorials
[3.043s] copying /home/alexis/rso2_tutorials_ws/src/tutorials/build/tutorials/build/lib/tutorials/__init__.py -> /home/alexis/rso2_tutorials_ws/src/tutorials/install/tutorials/lib/python3.8/site-packages/tutorials
[3.044s] copying /home/alexis/rso2_tutorials_ws/src/tutorials/build/tutorials/build/lib/tutorials/test.py -> /home/alexis/rso2_tutorials_ws/src/tutorials/install/tutorials/lib/python3.8/site-packages/tutorials
[3.045s] byte-compiling /home/alexis/rso2_tutorials_ws/src/tutorials/install/tutorials/lib/python3.8/site-packages/tutorials/__init__.py to __init__.cpython-38.pyc
[3.046s] byte-compiling /home/alexis/rso2_tutorials_ws/src/tutorials/install/tutorials/lib/python3.8/site-packages/tutorials/test.py to test.cpython-38.pyc
[3.047s] running install_data
[3.047s] creating /home/alexis/rso2_tutorials_ws/src/tutorials/install/tutorials/share/ament_index
[3.047s] creating /home/alexis/rso2_tutorials_ws/src/tutorials/install/tutorials/share/ament_index/resource_index
[3.047s] creating /home/alexis/rso2_tutorials_ws/src/tutorials/install/tutorials/share/ament_index/resource_index/packages
[3.047s] copying resource/tutorials -> /home/alexis/rso2_tutorials_ws/src/tutorials/install/tutorials/share/ament_index/resource_index/packages
[3.048s] copying package.xml -> /home/alexis/rso2_tutorials_ws/src/tutorials/install/tutorials/share/tutorials
[3.048s] running install_egg_info
[3.050s] Copying build/tutorials/tutorials.egg-info to /home/alexis/rso2_tutorials_ws/src/tutorials/install/tutorials/lib/python3.8/site-packages/tutorials-0.0.0-py3.8.egg-info
[3.050s] running install_scripts
[3.074s] Installing talker script to /home/alexis/rso2_tutorials_ws/src/tutorials/install/tutorials/lib/tutorials
[3.074s] writing list of installed files to '/home/alexis/rso2_tutorials_ws/src/tutorials/build/tutorials/install.log'
[3.096s] Invoked command in '/home/alexis/rso2_tutorials_ws/src/tutorials' returned '0': PYTHONPATH=/home/alexis/rso2_tutorials_ws/src/tutorials/build/tutorials/prefix_override:/home/alexis/rso2_tutorials_ws/src/tutorials/install/tutorials/lib/python3.8/site-packages:${PYTHONPATH} /usr/bin/python3 setup.py egg_info --egg-base build/tutorials build --build-base /home/alexis/rso2_tutorials_ws/src/tutorials/build/tutorials/build install --record /home/alexis/rso2_tutorials_ws/src/tutorials/build/tutorials/install.log --single-version-externally-managed
