[9.276s] Invoking command in '/home/alexis/rso2_tutorials_ws/build/examples_rclpy_executors': PYTHONPATH=/home/alexis/rso2_tutorials_ws/build/examples_rclpy_executors/prefix_override:/home/alexis/rso2_tutorials_ws/install/examples_rclpy_executors/lib/python3.8/site-packages:${PYTHONPATH} /usr/bin/python3 setup.py develop --editable --build-directory /home/alexis/rso2_tutorials_ws/build/examples_rclpy_executors/build --no-deps install_data
[10.663s] running develop
[10.664s] running egg_info
[10.665s] writing examples_rclpy_executors.egg-info/PKG-INFO
[10.665s] writing dependency_links to examples_rclpy_executors.egg-info/dependency_links.txt
[10.665s] writing entry points to examples_rclpy_executors.egg-info/entry_points.txt
[10.666s] writing requirements to examples_rclpy_executors.egg-info/requires.txt
[10.666s] writing top-level names to examples_rclpy_executors.egg-info/top_level.txt
[10.669s] reading manifest file 'examples_rclpy_executors.egg-info/SOURCES.txt'
[10.670s] writing manifest file 'examples_rclpy_executors.egg-info/SOURCES.txt'
[10.670s] running build_ext
[10.671s] Creating /home/alexis/rso2_tutorials_ws/install/examples_rclpy_executors/lib/python3.8/site-packages/examples-rclpy-executors.egg-link (link to .)
[10.671s] Installing callback_group script to /home/alexis/rso2_tutorials_ws/install/examples_rclpy_executors/lib/examples_rclpy_executors
[10.671s] Installing composed script to /home/alexis/rso2_tutorials_ws/install/examples_rclpy_executors/lib/examples_rclpy_executors
[10.672s] Installing custom_callback_group script to /home/alexis/rso2_tutorials_ws/install/examples_rclpy_executors/lib/examples_rclpy_executors
[10.672s] Installing custom_executor script to /home/alexis/rso2_tutorials_ws/install/examples_rclpy_executors/lib/examples_rclpy_executors
[10.672s] Installing listener script to /home/alexis/rso2_tutorials_ws/install/examples_rclpy_executors/lib/examples_rclpy_executors
[10.672s] Installing talker script to /home/alexis/rso2_tutorials_ws/install/examples_rclpy_executors/lib/examples_rclpy_executors
[10.672s] 
[10.672s] Installed /home/alexis/rso2_tutorials_ws/build/examples_rclpy_executors
[10.673s] running install_data
[13.256s] Invoked command in '/home/alexis/rso2_tutorials_ws/build/examples_rclpy_executors' returned '0': PYTHONPATH=/home/alexis/rso2_tutorials_ws/build/examples_rclpy_executors/prefix_override:/home/alexis/rso2_tutorials_ws/install/examples_rclpy_executors/lib/python3.8/site-packages:${PYTHONPATH} /usr/bin/python3 setup.py develop --editable --build-directory /home/alexis/rso2_tutorials_ws/build/examples_rclpy_executors/build --no-deps install_data
