[2.789s] DEBUG:colcon:Command line arguments: ['/usr/bin/colcon', 'build']
[2.789s] DEBUG:colcon:Parsed command line arguments: Namespace(allow_overriding=[], ament_cmake_args=None, base_paths=['.'], build_base='build', catkin_cmake_args=None, catkin_skip_building_tests=False, cmake_args=None, cmake_clean_cache=False, cmake_clean_first=False, cmake_force_configure=False, cmake_target=None, cmake_target_skip_unavailable=False, continue_on_error=False, event_handlers=None, executor='parallel', ignore_user_meta=False, install_base='install', log_base=None, log_level=None, main=<bound method BuildVerb.main of <colcon_core.verb.build.BuildVerb object at 0x7f594da76d90>>, merge_install=False, metas=['./colcon.meta'], packages_above=None, packages_above_and_dependencies=None, packages_above_depth=None, packages_end=None, packages_ignore=None, packages_ignore_regex=None, packages_select=None, packages_select_build_failed=False, packages_select_by_dep=None, packages_select_regex=None, packages_select_test_failures=False, packages_skip=None, packages_skip_build_finished=False, packages_skip_by_dep=None, packages_skip_regex=None, packages_skip_test_passed=False, packages_skip_up_to=None, packages_start=None, packages_up_to=None, packages_up_to_regex=None, parallel_workers=16, paths=None, symlink_install=False, test_result_base=None, verb_extension=<colcon_core.verb.build.BuildVerb object at 0x7f594da76d90>, verb_name='build', verb_parser=<colcon_defaults.argument_parser.defaults.DefaultArgumentsDecorator object at 0x7f594d58e0a0>)
[2.919s] Level 1:colcon.colcon_core.package_discovery:discover_packages(colcon_meta) check parameters
[2.919s] Level 1:colcon.colcon_core.package_discovery:discover_packages(recursive) check parameters
[2.919s] Level 1:colcon.colcon_core.package_discovery:discover_packages(ignore) check parameters
[2.919s] Level 1:colcon.colcon_core.package_discovery:discover_packages(path) check parameters
[2.919s] Level 1:colcon.colcon_core.package_discovery:discover_packages(colcon_meta) discover
[2.919s] Level 1:colcon.colcon_core.package_discovery:discover_packages(recursive) discover
[2.919s] INFO:colcon.colcon_core.package_discovery:Crawling recursively for packages in '/home/alexis/rso2_tutorials_ws/src/tutorials'
[2.919s] Level 1:colcon.colcon_core.package_identification:_identify(.) by extensions ['ignore', 'ignore_ament_install']
[2.919s] Level 1:colcon.colcon_core.package_identification:_identify(.) by extension 'ignore'
[2.919s] Level 1:colcon.colcon_core.package_identification:_identify(.) by extension 'ignore_ament_install'
[2.920s] Level 1:colcon.colcon_core.package_identification:_identify(.) by extensions ['colcon_pkg']
[2.920s] Level 1:colcon.colcon_core.package_identification:_identify(.) by extension 'colcon_pkg'
[2.920s] Level 1:colcon.colcon_core.package_identification:_identify(.) by extensions ['colcon_meta']
[2.920s] Level 1:colcon.colcon_core.package_identification:_identify(.) by extension 'colcon_meta'
[2.920s] Level 1:colcon.colcon_core.package_identification:_identify(.) by extensions ['ros']
[2.920s] Level 1:colcon.colcon_core.package_identification:_identify(.) by extension 'ros'
[2.931s] DEBUG:colcon.colcon_core.package_identification:Package '.' with type 'ros.ament_python' and name 'tutorials'
[2.931s] Level 1:colcon.colcon_core.package_discovery:discover_packages(recursive) using defaults
[2.931s] Level 1:colcon.colcon_core.package_discovery:discover_packages(ignore) discover
[2.931s] Level 1:colcon.colcon_core.package_discovery:discover_packages(ignore) using defaults
[2.931s] Level 1:colcon.colcon_core.package_discovery:discover_packages(path) discover
[2.931s] Level 1:colcon.colcon_core.package_discovery:discover_packages(path) using defaults
[3.184s] Level 1:colcon.colcon_core.package_discovery:discover_packages(prefix_path) check parameters
[3.184s] Level 1:colcon.colcon_core.package_discovery:discover_packages(prefix_path) discover
[3.296s] DEBUG:colcon.colcon_installed_package_information.package_discovery:Found 23 installed packages in /home/alexis/rso2_tutorials_ws/install
[3.347s] DEBUG:colcon.colcon_installed_package_information.package_discovery:Found 345 installed packages in /home/alexis/ros2_humble/install
[3.398s] DEBUG:colcon.colcon_installed_package_information.package_discovery:Found 1 installed packages in /home/alexis/ros2_humble/install/orocos_kdl_vendor
[3.450s] DEBUG:colcon.colcon_installed_package_information.package_discovery:Found 3 installed packages in /opt/ros/noetic
[3.450s] Level 1:colcon.colcon_core.package_discovery:discover_packages(prefix_path) using defaults
[3.571s] Level 5:colcon.colcon_core.verb:set package 'tutorials' build argument 'cmake_args' from command line to 'None'
[3.571s] Level 5:colcon.colcon_core.verb:set package 'tutorials' build argument 'cmake_target' from command line to 'None'
[3.571s] Level 5:colcon.colcon_core.verb:set package 'tutorials' build argument 'cmake_target_skip_unavailable' from command line to 'False'
[3.571s] Level 5:colcon.colcon_core.verb:set package 'tutorials' build argument 'cmake_clean_cache' from command line to 'False'
[3.571s] Level 5:colcon.colcon_core.verb:set package 'tutorials' build argument 'cmake_clean_first' from command line to 'False'
[3.571s] Level 5:colcon.colcon_core.verb:set package 'tutorials' build argument 'cmake_force_configure' from command line to 'False'
[3.571s] Level 5:colcon.colcon_core.verb:set package 'tutorials' build argument 'ament_cmake_args' from command line to 'None'
[3.571s] Level 5:colcon.colcon_core.verb:set package 'tutorials' build argument 'catkin_cmake_args' from command line to 'None'
[3.571s] Level 5:colcon.colcon_core.verb:set package 'tutorials' build argument 'catkin_skip_building_tests' from command line to 'False'
[3.571s] DEBUG:colcon.colcon_core.verb:Building package 'tutorials' with the following arguments: {'ament_cmake_args': None, 'build_base': '/home/alexis/rso2_tutorials_ws/src/tutorials/build/tutorials', 'catkin_cmake_args': None, 'catkin_skip_building_tests': False, 'cmake_args': None, 'cmake_clean_cache': False, 'cmake_clean_first': False, 'cmake_force_configure': False, 'cmake_target': None, 'cmake_target_skip_unavailable': False, 'install_base': '/home/alexis/rso2_tutorials_ws/src/tutorials/install/tutorials', 'merge_install': False, 'path': '/home/alexis/rso2_tutorials_ws/src/tutorials', 'symlink_install': False, 'test_result_base': None}
[3.616s] INFO:colcon.colcon_core.executor:Executing jobs using 'parallel' executor
[3.662s] DEBUG:colcon.colcon_parallel_executor.executor.parallel:run_until_complete
[3.662s] INFO:colcon.colcon_ros.task.ament_python.build:Building ROS package in '/home/alexis/rso2_tutorials_ws/src/tutorials' with build type 'ament_python'
[3.662s] Level 1:colcon.colcon_core.shell:create_environment_hook('tutorials', 'ament_prefix_path')
[3.715s] INFO:colcon.colcon_core.plugin_system:Skipping extension 'colcon_core.shell.bat': Not used on non-Windows systems
[3.715s] INFO:colcon.colcon_core.shell:Creating environment hook '/home/alexis/rso2_tutorials_ws/src/tutorials/install/tutorials/share/tutorials/hook/ament_prefix_path.ps1'
[3.715s] INFO:colcon.colcon_core.shell:Creating environment descriptor '/home/alexis/rso2_tutorials_ws/src/tutorials/install/tutorials/share/tutorials/hook/ament_prefix_path.dsv'
[3.716s] INFO:colcon.colcon_core.shell:Creating environment hook '/home/alexis/rso2_tutorials_ws/src/tutorials/install/tutorials/share/tutorials/hook/ament_prefix_path.sh'
[3.761s] INFO:colcon.colcon_core.shell:Skip shell extension 'powershell' for command environment: Not usable outside of PowerShell
[3.761s] DEBUG:colcon.colcon_core.shell:Skip shell extension 'dsv' for command environment
[4.744s] INFO:colcon.colcon_core.task.python.build:Building Python package in '/home/alexis/rso2_tutorials_ws/src/tutorials'
[4.798s] INFO:colcon.colcon_core.shell:Skip shell extension 'powershell' for command environment: Not usable outside of PowerShell
[4.798s] DEBUG:colcon.colcon_core.shell:Skip shell extension 'dsv' for command environment
[5.986s] DEBUG:colcon.colcon_core.event_handler.log_command:Invoking command in '/home/alexis/rso2_tutorials_ws/src/tutorials': PYTHONPATH=/home/alexis/rso2_tutorials_ws/src/tutorials/build/tutorials/prefix_override:/home/alexis/rso2_tutorials_ws/src/tutorials/install/tutorials/lib/python3.8/site-packages:${PYTHONPATH} /usr/bin/python3 setup.py egg_info --egg-base build/tutorials build --build-base /home/alexis/rso2_tutorials_ws/src/tutorials/build/tutorials/build install --record /home/alexis/rso2_tutorials_ws/src/tutorials/build/tutorials/install.log --single-version-externally-managed
[6.759s] DEBUG:colcon.colcon_core.event_handler.log_command:Invoked command in '/home/alexis/rso2_tutorials_ws/src/tutorials' returned '0': PYTHONPATH=/home/alexis/rso2_tutorials_ws/src/tutorials/build/tutorials/prefix_override:/home/alexis/rso2_tutorials_ws/src/tutorials/install/tutorials/lib/python3.8/site-packages:${PYTHONPATH} /usr/bin/python3 setup.py egg_info --egg-base build/tutorials build --build-base /home/alexis/rso2_tutorials_ws/src/tutorials/build/tutorials/build install --record /home/alexis/rso2_tutorials_ws/src/tutorials/build/tutorials/install.log --single-version-externally-managed
[6.815s] Level 1:colcon.colcon_core.environment:checking '/home/alexis/rso2_tutorials_ws/src/tutorials/install/tutorials' for CMake module files
[6.815s] Level 1:colcon.colcon_core.environment:checking '/home/alexis/rso2_tutorials_ws/src/tutorials/install/tutorials' for CMake config files
[6.815s] Level 1:colcon.colcon_core.environment:checking '/home/alexis/rso2_tutorials_ws/src/tutorials/install/tutorials/lib'
[6.816s] Level 1:colcon.colcon_core.environment:checking '/home/alexis/rso2_tutorials_ws/src/tutorials/install/tutorials/bin'
[6.816s] Level 1:colcon.colcon_core.environment:checking '/home/alexis/rso2_tutorials_ws/src/tutorials/install/tutorials/lib/pkgconfig/tutorials.pc'
[6.816s] Level 1:colcon.colcon_core.environment:checking '/home/alexis/rso2_tutorials_ws/src/tutorials/install/tutorials/lib/python3.8/site-packages'
[6.816s] Level 1:colcon.colcon_core.shell:create_environment_hook('tutorials', 'pythonpath')
[6.861s] INFO:colcon.colcon_core.shell:Creating environment hook '/home/alexis/rso2_tutorials_ws/src/tutorials/install/tutorials/share/tutorials/hook/pythonpath.ps1'
[6.862s] INFO:colcon.colcon_core.shell:Creating environment descriptor '/home/alexis/rso2_tutorials_ws/src/tutorials/install/tutorials/share/tutorials/hook/pythonpath.dsv'
[6.862s] INFO:colcon.colcon_core.shell:Creating environment hook '/home/alexis/rso2_tutorials_ws/src/tutorials/install/tutorials/share/tutorials/hook/pythonpath.sh'
[6.862s] Level 1:colcon.colcon_core.environment:checking '/home/alexis/rso2_tutorials_ws/src/tutorials/install/tutorials/bin'
[6.862s] Level 1:colcon.colcon_core.environment:create_environment_scripts_only(tutorials)
[6.910s] INFO:colcon.colcon_core.shell:Creating package script '/home/alexis/rso2_tutorials_ws/src/tutorials/install/tutorials/share/tutorials/package.ps1'
[6.910s] INFO:colcon.colcon_core.shell:Creating package descriptor '/home/alexis/rso2_tutorials_ws/src/tutorials/install/tutorials/share/tutorials/package.dsv'
[6.910s] INFO:colcon.colcon_core.shell:Creating package script '/home/alexis/rso2_tutorials_ws/src/tutorials/install/tutorials/share/tutorials/package.sh'
[6.911s] INFO:colcon.colcon_core.shell:Creating package script '/home/alexis/rso2_tutorials_ws/src/tutorials/install/tutorials/share/tutorials/package.bash'
[6.911s] INFO:colcon.colcon_core.shell:Creating package script '/home/alexis/rso2_tutorials_ws/src/tutorials/install/tutorials/share/tutorials/package.zsh'
[6.912s] Level 1:colcon.colcon_core.environment:create_file_with_runtime_dependencies(/home/alexis/rso2_tutorials_ws/src/tutorials/install/tutorials/share/colcon-core/packages/tutorials)
[6.912s] DEBUG:colcon.colcon_parallel_executor.executor.parallel:closing loop
[6.912s] DEBUG:colcon.colcon_parallel_executor.executor.parallel:loop closed
[6.912s] DEBUG:colcon.colcon_parallel_executor.executor.parallel:run_until_complete finished with '0'
[6.912s] DEBUG:colcon.colcon_core.event_reactor:joining thread
[6.976s] INFO:colcon.colcon_core.plugin_system:Skipping extension 'colcon_notification.desktop_notification.terminal_notifier': Not used on non-Darwin systems
[6.976s] INFO:colcon.colcon_core.plugin_system:Skipping extension 'colcon_notification.desktop_notification.win32': Not used on non-Windows systems
[6.976s] INFO:colcon.colcon_notification.desktop_notification:Sending desktop notification using 'notify2'
[6.999s] DEBUG:colcon.colcon_core.event_reactor:joined thread
[7.050s] INFO:colcon.colcon_core.shell:Creating prefix script '/home/alexis/rso2_tutorials_ws/src/tutorials/install/local_setup.ps1'
[7.051s] INFO:colcon.colcon_core.shell:Creating prefix util module '/home/alexis/rso2_tutorials_ws/src/tutorials/install/_local_setup_util_ps1.py'
[7.052s] INFO:colcon.colcon_core.shell:Creating prefix chain script '/home/alexis/rso2_tutorials_ws/src/tutorials/install/setup.ps1'
[7.106s] INFO:colcon.colcon_core.shell:Creating prefix script '/home/alexis/rso2_tutorials_ws/src/tutorials/install/local_setup.sh'
[7.106s] INFO:colcon.colcon_core.shell:Creating prefix util module '/home/alexis/rso2_tutorials_ws/src/tutorials/install/_local_setup_util_sh.py'
[7.107s] INFO:colcon.colcon_core.shell:Creating prefix chain script '/home/alexis/rso2_tutorials_ws/src/tutorials/install/setup.sh'
[7.166s] INFO:colcon.colcon_core.shell:Creating prefix script '/home/alexis/rso2_tutorials_ws/src/tutorials/install/local_setup.bash'
[7.167s] INFO:colcon.colcon_core.shell:Creating prefix chain script '/home/alexis/rso2_tutorials_ws/src/tutorials/install/setup.bash'
[7.220s] INFO:colcon.colcon_core.shell:Creating prefix script '/home/alexis/rso2_tutorials_ws/src/tutorials/install/local_setup.zsh'
[7.220s] INFO:colcon.colcon_core.shell:Creating prefix chain script '/home/alexis/rso2_tutorials_ws/src/tutorials/install/setup.zsh'
