[9.731s] Invoking command in '/home/alexis/rso2_tutorials_ws/build/examples_rclpy_executors': PYTHONPATH=/home/alexis/rso2_tutorials_ws/build/examples_rclpy_executors/prefix_override:/home/alexis/rso2_tutorials_ws/install/examples_rclpy_executors/lib/python3.8/site-packages:${PYTHONPATH} /usr/bin/python3 setup.py develop --editable --build-directory /home/alexis/rso2_tutorials_ws/build/examples_rclpy_executors/build --no-deps install_data
[12.032s] running develop
[12.033s] running egg_info
[12.033s] creating examples_rclpy_executors.egg-info
[12.033s] writing examples_rclpy_executors.egg-info/PKG-INFO
[12.033s] writing dependency_links to examples_rclpy_executors.egg-info/dependency_links.txt
[12.033s] writing entry points to examples_rclpy_executors.egg-info/entry_points.txt
[12.033s] writing requirements to examples_rclpy_executors.egg-info/requires.txt
[12.034s] writing top-level names to examples_rclpy_executors.egg-info/top_level.txt
[12.034s] writing manifest file 'examples_rclpy_executors.egg-info/SOURCES.txt'
[12.034s] reading manifest file 'examples_rclpy_executors.egg-info/SOURCES.txt'
[12.034s] writing manifest file 'examples_rclpy_executors.egg-info/SOURCES.txt'
[12.034s] running build_ext
[12.034s] Creating /home/alexis/rso2_tutorials_ws/install/examples_rclpy_executors/lib/python3.8/site-packages/site.py
[12.034s] Creating /home/alexis/rso2_tutorials_ws/install/examples_rclpy_executors/lib/python3.8/site-packages/examples-rclpy-executors.egg-link (link to .)
[12.034s] Installing callback_group script to /home/alexis/rso2_tutorials_ws/install/examples_rclpy_executors/lib/examples_rclpy_executors
[12.034s] Installing composed script to /home/alexis/rso2_tutorials_ws/install/examples_rclpy_executors/lib/examples_rclpy_executors
[12.034s] Installing custom_callback_group script to /home/alexis/rso2_tutorials_ws/install/examples_rclpy_executors/lib/examples_rclpy_executors
[12.035s] Installing custom_executor script to /home/alexis/rso2_tutorials_ws/install/examples_rclpy_executors/lib/examples_rclpy_executors
[12.035s] Installing listener script to /home/alexis/rso2_tutorials_ws/install/examples_rclpy_executors/lib/examples_rclpy_executors
[12.035s] Installing talker script to /home/alexis/rso2_tutorials_ws/install/examples_rclpy_executors/lib/examples_rclpy_executors
[12.035s] 
[12.035s] Installed /home/alexis/rso2_tutorials_ws/build/examples_rclpy_executors
[12.035s] running install_data
[12.035s] creating /home/alexis/rso2_tutorials_ws/install/examples_rclpy_executors/share/ament_index
[12.035s] creating /home/alexis/rso2_tutorials_ws/install/examples_rclpy_executors/share/ament_index/resource_index
[12.035s] creating /home/alexis/rso2_tutorials_ws/install/examples_rclpy_executors/share/ament_index/resource_index/packages
[12.036s] copying resource/examples_rclpy_executors -> /home/alexis/rso2_tutorials_ws/install/examples_rclpy_executors/share/ament_index/resource_index/packages
[12.036s] copying package.xml -> /home/alexis/rso2_tutorials_ws/install/examples_rclpy_executors/share/examples_rclpy_executors
[12.044s] Invoked command in '/home/alexis/rso2_tutorials_ws/build/examples_rclpy_executors' returned '0': PYTHONPATH=/home/alexis/rso2_tutorials_ws/build/examples_rclpy_executors/prefix_override:/home/alexis/rso2_tutorials_ws/install/examples_rclpy_executors/lib/python3.8/site-packages:${PYTHONPATH} /usr/bin/python3 setup.py develop --editable --build-directory /home/alexis/rso2_tutorials_ws/build/examples_rclpy_executors/build --no-deps install_data
