[9.262s] Invoking command in '/home/alexis/rso2_tutorials_ws/build/examples_rclpy_minimal_action_client': PYTHONPATH=/home/alexis/rso2_tutorials_ws/build/examples_rclpy_minimal_action_client/prefix_override:/home/alexis/rso2_tutorials_ws/install/examples_rclpy_minimal_action_client/lib/python3.8/site-packages:${PYTHONPATH} /usr/bin/python3 setup.py develop --uninstall --editable --build-directory /home/alexis/rso2_tutorials_ws/build/examples_rclpy_minimal_action_client/build
[10.628s] running develop
[10.629s] Removing /home/alexis/rso2_tutorials_ws/install/examples_rclpy_minimal_action_client/lib/python3.8/site-packages/examples-rclpy-minimal-action-client.egg-link (link to .)
[12.971s] Invoked command in '/home/alexis/rso2_tutorials_ws/build/examples_rclpy_minimal_action_client' returned '0': PYTHONPATH=/home/alexis/rso2_tutorials_ws/build/examples_rclpy_minimal_action_client/prefix_override:/home/alexis/rso2_tutorials_ws/install/examples_rclpy_minimal_action_client/lib/python3.8/site-packages:${PYTHONPATH} /usr/bin/python3 setup.py develop --uninstall --editable --build-directory /home/alexis/rso2_tutorials_ws/build/examples_rclpy_minimal_action_client/build
[12.976s] Invoking command in '/home/alexis/rso2_tutorials_ws/src/examples/rclpy/actions/minimal_action_client': PYTHONPATH=/home/alexis/rso2_tutorials_ws/build/examples_rclpy_minimal_action_client/prefix_override:/home/alexis/rso2_tutorials_ws/install/examples_rclpy_minimal_action_client/lib/python3.8/site-packages:${PYTHONPATH} /usr/bin/python3 setup.py egg_info --egg-base ../../../../../build/examples_rclpy_minimal_action_client build --build-base /home/alexis/rso2_tutorials_ws/build/examples_rclpy_minimal_action_client/build install --record /home/alexis/rso2_tutorials_ws/build/examples_rclpy_minimal_action_client/install.log --single-version-externally-managed
[13.724s] running egg_info
[13.725s] writing ../../../../../build/examples_rclpy_minimal_action_client/examples_rclpy_minimal_action_client.egg-info/PKG-INFO
[13.725s] writing dependency_links to ../../../../../build/examples_rclpy_minimal_action_client/examples_rclpy_minimal_action_client.egg-info/dependency_links.txt
[13.725s] writing entry points to ../../../../../build/examples_rclpy_minimal_action_client/examples_rclpy_minimal_action_client.egg-info/entry_points.txt
[13.726s] writing requirements to ../../../../../build/examples_rclpy_minimal_action_client/examples_rclpy_minimal_action_client.egg-info/requires.txt
[13.726s] writing top-level names to ../../../../../build/examples_rclpy_minimal_action_client/examples_rclpy_minimal_action_client.egg-info/top_level.txt
[13.763s] reading manifest file '../../../../../build/examples_rclpy_minimal_action_client/examples_rclpy_minimal_action_client.egg-info/SOURCES.txt'
[13.764s] writing manifest file '../../../../../build/examples_rclpy_minimal_action_client/examples_rclpy_minimal_action_client.egg-info/SOURCES.txt'
[13.764s] running build
[13.764s] running build_py
[13.764s] creating /home/alexis/rso2_tutorials_ws/build/examples_rclpy_minimal_action_client/build
[13.764s] creating /home/alexis/rso2_tutorials_ws/build/examples_rclpy_minimal_action_client/build/lib
[13.765s] creating /home/alexis/rso2_tutorials_ws/build/examples_rclpy_minimal_action_client/build/lib/examples_rclpy_minimal_action_client
[13.765s] copying examples_rclpy_minimal_action_client/client_not_composable.py -> /home/alexis/rso2_tutorials_ws/build/examples_rclpy_minimal_action_client/build/lib/examples_rclpy_minimal_action_client
[13.765s] copying examples_rclpy_minimal_action_client/client.py -> /home/alexis/rso2_tutorials_ws/build/examples_rclpy_minimal_action_client/build/lib/examples_rclpy_minimal_action_client
[13.765s] copying examples_rclpy_minimal_action_client/__init__.py -> /home/alexis/rso2_tutorials_ws/build/examples_rclpy_minimal_action_client/build/lib/examples_rclpy_minimal_action_client
[13.765s] copying examples_rclpy_minimal_action_client/client_asyncio.py -> /home/alexis/rso2_tutorials_ws/build/examples_rclpy_minimal_action_client/build/lib/examples_rclpy_minimal_action_client
[13.765s] copying examples_rclpy_minimal_action_client/client_cancel.py -> /home/alexis/rso2_tutorials_ws/build/examples_rclpy_minimal_action_client/build/lib/examples_rclpy_minimal_action_client
[13.766s] running install
[13.768s] running install_lib
[13.768s] creating /home/alexis/rso2_tutorials_ws/install/examples_rclpy_minimal_action_client/lib/python3.8/site-packages/examples_rclpy_minimal_action_client
[13.769s] copying /home/alexis/rso2_tutorials_ws/build/examples_rclpy_minimal_action_client/build/lib/examples_rclpy_minimal_action_client/client_not_composable.py -> /home/alexis/rso2_tutorials_ws/install/examples_rclpy_minimal_action_client/lib/python3.8/site-packages/examples_rclpy_minimal_action_client
[13.769s] copying /home/alexis/rso2_tutorials_ws/build/examples_rclpy_minimal_action_client/build/lib/examples_rclpy_minimal_action_client/client.py -> /home/alexis/rso2_tutorials_ws/install/examples_rclpy_minimal_action_client/lib/python3.8/site-packages/examples_rclpy_minimal_action_client
[13.769s] copying /home/alexis/rso2_tutorials_ws/build/examples_rclpy_minimal_action_client/build/lib/examples_rclpy_minimal_action_client/__init__.py -> /home/alexis/rso2_tutorials_ws/install/examples_rclpy_minimal_action_client/lib/python3.8/site-packages/examples_rclpy_minimal_action_client
[13.769s] copying /home/alexis/rso2_tutorials_ws/build/examples_rclpy_minimal_action_client/build/lib/examples_rclpy_minimal_action_client/client_asyncio.py -> /home/alexis/rso2_tutorials_ws/install/examples_rclpy_minimal_action_client/lib/python3.8/site-packages/examples_rclpy_minimal_action_client
[13.769s] copying /home/alexis/rso2_tutorials_ws/build/examples_rclpy_minimal_action_client/build/lib/examples_rclpy_minimal_action_client/client_cancel.py -> /home/alexis/rso2_tutorials_ws/install/examples_rclpy_minimal_action_client/lib/python3.8/site-packages/examples_rclpy_minimal_action_client
[13.771s] byte-compiling /home/alexis/rso2_tutorials_ws/install/examples_rclpy_minimal_action_client/lib/python3.8/site-packages/examples_rclpy_minimal_action_client/client_not_composable.py to client_not_composable.cpython-38.pyc
[13.772s] byte-compiling /home/alexis/rso2_tutorials_ws/install/examples_rclpy_minimal_action_client/lib/python3.8/site-packages/examples_rclpy_minimal_action_client/client.py to client.cpython-38.pyc
[13.773s] byte-compiling /home/alexis/rso2_tutorials_ws/install/examples_rclpy_minimal_action_client/lib/python3.8/site-packages/examples_rclpy_minimal_action_client/__init__.py to __init__.cpython-38.pyc
[13.773s] byte-compiling /home/alexis/rso2_tutorials_ws/install/examples_rclpy_minimal_action_client/lib/python3.8/site-packages/examples_rclpy_minimal_action_client/client_asyncio.py to client_asyncio.cpython-38.pyc
[13.773s] byte-compiling /home/alexis/rso2_tutorials_ws/install/examples_rclpy_minimal_action_client/lib/python3.8/site-packages/examples_rclpy_minimal_action_client/client_cancel.py to client_cancel.cpython-38.pyc
[13.774s] running install_data
[13.775s] running install_egg_info
[13.778s] Copying ../../../../../build/examples_rclpy_minimal_action_client/examples_rclpy_minimal_action_client.egg-info to /home/alexis/rso2_tutorials_ws/install/examples_rclpy_minimal_action_client/lib/python3.8/site-packages/examples_rclpy_minimal_action_client-0.15.1-py3.8.egg-info
[13.779s] running install_scripts
[13.805s] Installing client script to /home/alexis/rso2_tutorials_ws/install/examples_rclpy_minimal_action_client/lib/examples_rclpy_minimal_action_client
[13.805s] Installing client_asyncio script to /home/alexis/rso2_tutorials_ws/install/examples_rclpy_minimal_action_client/lib/examples_rclpy_minimal_action_client
[13.805s] Installing client_cancel script to /home/alexis/rso2_tutorials_ws/install/examples_rclpy_minimal_action_client/lib/examples_rclpy_minimal_action_client
[13.806s] Installing client_not_composable script to /home/alexis/rso2_tutorials_ws/install/examples_rclpy_minimal_action_client/lib/examples_rclpy_minimal_action_client
[13.806s] writing list of installed files to '/home/alexis/rso2_tutorials_ws/build/examples_rclpy_minimal_action_client/install.log'
[20.287s] Invoked command in '/home/alexis/rso2_tutorials_ws/src/examples/rclpy/actions/minimal_action_client' returned '0': PYTHONPATH=/home/alexis/rso2_tutorials_ws/build/examples_rclpy_minimal_action_client/prefix_override:/home/alexis/rso2_tutorials_ws/install/examples_rclpy_minimal_action_client/lib/python3.8/site-packages:${PYTHONPATH} /usr/bin/python3 setup.py egg_info --egg-base ../../../../../build/examples_rclpy_minimal_action_client build --build-base /home/alexis/rso2_tutorials_ws/build/examples_rclpy_minimal_action_client/build install --record /home/alexis/rso2_tutorials_ws/build/examples_rclpy_minimal_action_client/install.log --single-version-externally-managed
