[9.554s] Invoking command in '/home/alexis/rso2_tutorials_ws/build/examples_rclpy_guard_conditions': PYTHONPATH=/home/alexis/rso2_tutorials_ws/build/examples_rclpy_guard_conditions/prefix_override:/home/alexis/rso2_tutorials_ws/install/examples_rclpy_guard_conditions/lib/python3.8/site-packages:${PYTHONPATH} /usr/bin/python3 setup.py develop --uninstall --editable --build-directory /home/alexis/rso2_tutorials_ws/build/examples_rclpy_guard_conditions/build
[10.925s] running develop
[10.925s] Removing /home/alexis/rso2_tutorials_ws/install/examples_rclpy_guard_conditions/lib/python3.8/site-packages/examples-rclpy-guard-conditions.egg-link (link to .)
[13.248s] Invoked command in '/home/alexis/rso2_tutorials_ws/build/examples_rclpy_guard_conditions' returned '0': PYTHONPATH=/home/alexis/rso2_tutorials_ws/build/examples_rclpy_guard_conditions/prefix_override:/home/alexis/rso2_tutorials_ws/install/examples_rclpy_guard_conditions/lib/python3.8/site-packages:${PYTHONPATH} /usr/bin/python3 setup.py develop --uninstall --editable --build-directory /home/alexis/rso2_tutorials_ws/build/examples_rclpy_guard_conditions/build
[13.251s] Invoking command in '/home/alexis/rso2_tutorials_ws/src/examples/rclpy/guard_conditions': PYTHONPATH=/home/alexis/rso2_tutorials_ws/build/examples_rclpy_guard_conditions/prefix_override:/home/alexis/rso2_tutorials_ws/install/examples_rclpy_guard_conditions/lib/python3.8/site-packages:${PYTHONPATH} /usr/bin/python3 setup.py egg_info --egg-base ../../../../build/examples_rclpy_guard_conditions build --build-base /home/alexis/rso2_tutorials_ws/build/examples_rclpy_guard_conditions/build install --record /home/alexis/rso2_tutorials_ws/build/examples_rclpy_guard_conditions/install.log --single-version-externally-managed
[13.981s] running egg_info
[13.982s] writing ../../../../build/examples_rclpy_guard_conditions/examples_rclpy_guard_conditions.egg-info/PKG-INFO
[13.982s] writing dependency_links to ../../../../build/examples_rclpy_guard_conditions/examples_rclpy_guard_conditions.egg-info/dependency_links.txt
[13.983s] writing entry points to ../../../../build/examples_rclpy_guard_conditions/examples_rclpy_guard_conditions.egg-info/entry_points.txt
[13.983s] writing requirements to ../../../../build/examples_rclpy_guard_conditions/examples_rclpy_guard_conditions.egg-info/requires.txt
[13.983s] writing top-level names to ../../../../build/examples_rclpy_guard_conditions/examples_rclpy_guard_conditions.egg-info/top_level.txt
[14.021s] reading manifest file '../../../../build/examples_rclpy_guard_conditions/examples_rclpy_guard_conditions.egg-info/SOURCES.txt'
[14.022s] writing manifest file '../../../../build/examples_rclpy_guard_conditions/examples_rclpy_guard_conditions.egg-info/SOURCES.txt'
[14.023s] running build
[14.023s] running build_py
[14.023s] creating /home/alexis/rso2_tutorials_ws/build/examples_rclpy_guard_conditions/build
[14.023s] creating /home/alexis/rso2_tutorials_ws/build/examples_rclpy_guard_conditions/build/lib
[14.023s] creating /home/alexis/rso2_tutorials_ws/build/examples_rclpy_guard_conditions/build/lib/examples_rclpy_guard_conditions
[14.024s] copying examples_rclpy_guard_conditions/trigger_guard_condition.py -> /home/alexis/rso2_tutorials_ws/build/examples_rclpy_guard_conditions/build/lib/examples_rclpy_guard_conditions
[14.024s] copying examples_rclpy_guard_conditions/__init__.py -> /home/alexis/rso2_tutorials_ws/build/examples_rclpy_guard_conditions/build/lib/examples_rclpy_guard_conditions
[14.024s] running install
[14.027s] running install_lib
[14.029s] creating /home/alexis/rso2_tutorials_ws/install/examples_rclpy_guard_conditions/lib/python3.8/site-packages/examples_rclpy_guard_conditions
[14.029s] copying /home/alexis/rso2_tutorials_ws/build/examples_rclpy_guard_conditions/build/lib/examples_rclpy_guard_conditions/trigger_guard_condition.py -> /home/alexis/rso2_tutorials_ws/install/examples_rclpy_guard_conditions/lib/python3.8/site-packages/examples_rclpy_guard_conditions
[14.029s] copying /home/alexis/rso2_tutorials_ws/build/examples_rclpy_guard_conditions/build/lib/examples_rclpy_guard_conditions/__init__.py -> /home/alexis/rso2_tutorials_ws/install/examples_rclpy_guard_conditions/lib/python3.8/site-packages/examples_rclpy_guard_conditions
[14.033s] byte-compiling /home/alexis/rso2_tutorials_ws/install/examples_rclpy_guard_conditions/lib/python3.8/site-packages/examples_rclpy_guard_conditions/trigger_guard_condition.py to trigger_guard_condition.cpython-38.pyc
[14.035s] byte-compiling /home/alexis/rso2_tutorials_ws/install/examples_rclpy_guard_conditions/lib/python3.8/site-packages/examples_rclpy_guard_conditions/__init__.py to __init__.cpython-38.pyc
[14.035s] running install_data
[14.036s] running install_egg_info
[14.039s] Copying ../../../../build/examples_rclpy_guard_conditions/examples_rclpy_guard_conditions.egg-info to /home/alexis/rso2_tutorials_ws/install/examples_rclpy_guard_conditions/lib/python3.8/site-packages/examples_rclpy_guard_conditions-0.15.1-py3.8.egg-info
[14.040s] running install_scripts
[14.071s] Installing trigger_guard_condition script to /home/alexis/rso2_tutorials_ws/install/examples_rclpy_guard_conditions/lib/examples_rclpy_guard_conditions
[14.071s] writing list of installed files to '/home/alexis/rso2_tutorials_ws/build/examples_rclpy_guard_conditions/install.log'
[20.137s] Invoked command in '/home/alexis/rso2_tutorials_ws/src/examples/rclpy/guard_conditions' returned '0': PYTHONPATH=/home/alexis/rso2_tutorials_ws/build/examples_rclpy_guard_conditions/prefix_override:/home/alexis/rso2_tutorials_ws/install/examples_rclpy_guard_conditions/lib/python3.8/site-packages:${PYTHONPATH} /usr/bin/python3 setup.py egg_info --egg-base ../../../../build/examples_rclpy_guard_conditions build --build-base /home/alexis/rso2_tutorials_ws/build/examples_rclpy_guard_conditions/build install --record /home/alexis/rso2_tutorials_ws/build/examples_rclpy_guard_conditions/install.log --single-version-externally-managed
