[12.272s] Invoking command in '/home/alexis/rso2_tutorials_ws/build/examples_rclpy_minimal_client': PYTHONPATH=/home/alexis/rso2_tutorials_ws/build/examples_rclpy_minimal_client/prefix_override:/home/alexis/rso2_tutorials_ws/install/examples_rclpy_minimal_client/lib/python3.8/site-packages:${PYTHONPATH} /usr/bin/python3 setup.py develop --editable --build-directory /home/alexis/rso2_tutorials_ws/build/examples_rclpy_minimal_client/build --no-deps install_data
[13.186s] running develop
[13.435s] running egg_info
[13.435s] writing examples_rclpy_minimal_client.egg-info/PKG-INFO
[13.435s] writing dependency_links to examples_rclpy_minimal_client.egg-info/dependency_links.txt
[13.435s] writing entry points to examples_rclpy_minimal_client.egg-info/entry_points.txt
[13.436s] writing requirements to examples_rclpy_minimal_client.egg-info/requires.txt
[13.436s] writing top-level names to examples_rclpy_minimal_client.egg-info/top_level.txt
[13.465s] reading manifest file 'examples_rclpy_minimal_client.egg-info/SOURCES.txt'
[13.466s] writing manifest file 'examples_rclpy_minimal_client.egg-info/SOURCES.txt'
[13.514s] running build_ext
[13.514s] Creating /home/alexis/rso2_tutorials_ws/install/examples_rclpy_minimal_client/lib/python3.8/site-packages/examples-rclpy-minimal-client.egg-link (link to .)
[13.515s] Installing client script to /home/alexis/rso2_tutorials_ws/install/examples_rclpy_minimal_client/lib/examples_rclpy_minimal_client
[13.515s] Installing client_async script to /home/alexis/rso2_tutorials_ws/install/examples_rclpy_minimal_client/lib/examples_rclpy_minimal_client
[13.516s] Installing client_async_callback script to /home/alexis/rso2_tutorials_ws/install/examples_rclpy_minimal_client/lib/examples_rclpy_minimal_client
[13.516s] Installing client_async_member_function script to /home/alexis/rso2_tutorials_ws/install/examples_rclpy_minimal_client/lib/examples_rclpy_minimal_client
[13.516s] 
[13.516s] Installed /home/alexis/rso2_tutorials_ws/build/examples_rclpy_minimal_client
[13.516s] running install_data
[13.556s] Invoked command in '/home/alexis/rso2_tutorials_ws/build/examples_rclpy_minimal_client' returned '0': PYTHONPATH=/home/alexis/rso2_tutorials_ws/build/examples_rclpy_minimal_client/prefix_override:/home/alexis/rso2_tutorials_ws/install/examples_rclpy_minimal_client/lib/python3.8/site-packages:${PYTHONPATH} /usr/bin/python3 setup.py develop --editable --build-directory /home/alexis/rso2_tutorials_ws/build/examples_rclpy_minimal_client/build --no-deps install_data
