[71.274s] Invoking command in '/home/alexis/rso2_tutorials_ws/build/examples_rclpy_minimal_service': PYTHONPATH=/home/alexis/rso2_tutorials_ws/build/examples_rclpy_minimal_service/prefix_override:/home/alexis/rso2_tutorials_ws/install/examples_rclpy_minimal_service/lib/python3.8/site-packages:${PYTHONPATH} /usr/bin/python3 setup.py develop --editable --build-directory /home/alexis/rso2_tutorials_ws/build/examples_rclpy_minimal_service/build --no-deps install_data
[73.533s] running develop
[73.994s] running egg_info
[73.995s] creating examples_rclpy_minimal_service.egg-info
[73.996s] writing examples_rclpy_minimal_service.egg-info/PKG-INFO
[73.997s] writing dependency_links to examples_rclpy_minimal_service.egg-info/dependency_links.txt
[73.998s] writing entry points to examples_rclpy_minimal_service.egg-info/entry_points.txt
[73.999s] writing requirements to examples_rclpy_minimal_service.egg-info/requires.txt
[74.000s] writing top-level names to examples_rclpy_minimal_service.egg-info/top_level.txt
[74.001s] writing manifest file 'examples_rclpy_minimal_service.egg-info/SOURCES.txt'
[74.066s] reading manifest file 'examples_rclpy_minimal_service.egg-info/SOURCES.txt'
[74.067s] writing manifest file 'examples_rclpy_minimal_service.egg-info/SOURCES.txt'
[74.158s] running build_ext
[74.164s] Creating /home/alexis/rso2_tutorials_ws/install/examples_rclpy_minimal_service/lib/python3.8/site-packages/site.py
[74.179s] Creating /home/alexis/rso2_tutorials_ws/install/examples_rclpy_minimal_service/lib/python3.8/site-packages/examples-rclpy-minimal-service.egg-link (link to .)
[74.184s] Installing service script to /home/alexis/rso2_tutorials_ws/install/examples_rclpy_minimal_service/lib/examples_rclpy_minimal_service
[74.184s] Installing service_member_function script to /home/alexis/rso2_tutorials_ws/install/examples_rclpy_minimal_service/lib/examples_rclpy_minimal_service
[74.184s] 
[74.184s] Installed /home/alexis/rso2_tutorials_ws/build/examples_rclpy_minimal_service
[74.184s] running install_data
[74.184s] creating /home/alexis/rso2_tutorials_ws/install/examples_rclpy_minimal_service/share/ament_index
[74.184s] creating /home/alexis/rso2_tutorials_ws/install/examples_rclpy_minimal_service/share/ament_index/resource_index
[74.184s] creating /home/alexis/rso2_tutorials_ws/install/examples_rclpy_minimal_service/share/ament_index/resource_index/packages
[74.185s] copying resource/examples_rclpy_minimal_service -> /home/alexis/rso2_tutorials_ws/install/examples_rclpy_minimal_service/share/ament_index/resource_index/packages
[74.185s] copying package.xml -> /home/alexis/rso2_tutorials_ws/install/examples_rclpy_minimal_service/share/examples_rclpy_minimal_service
[76.497s] Invoked command in '/home/alexis/rso2_tutorials_ws/build/examples_rclpy_minimal_service' returned '0': PYTHONPATH=/home/alexis/rso2_tutorials_ws/build/examples_rclpy_minimal_service/prefix_override:/home/alexis/rso2_tutorials_ws/install/examples_rclpy_minimal_service/lib/python3.8/site-packages:${PYTHONPATH} /usr/bin/python3 setup.py develop --editable --build-directory /home/alexis/rso2_tutorials_ws/build/examples_rclpy_minimal_service/build --no-deps install_data
