[2.751s] DEBUG:colcon:Command line arguments: ['/usr/bin/colcon', 'build', '--symlink-install']
[2.752s] DEBUG:colcon:Parsed command line arguments: Namespace(allow_overriding=[], ament_cmake_args=None, base_paths=['.'], build_base='build', catkin_cmake_args=None, catkin_skip_building_tests=False, cmake_args=None, cmake_clean_cache=False, cmake_clean_first=False, cmake_force_configure=False, cmake_target=None, cmake_target_skip_unavailable=False, continue_on_error=False, event_handlers=None, executor='parallel', ignore_user_meta=False, install_base='install', log_base=None, log_level=None, main=<bound method BuildVerb.main of <colcon_core.verb.build.BuildVerb object at 0x7f79d4235250>>, merge_install=False, metas=['./colcon.meta'], packages_above=None, packages_above_and_dependencies=None, packages_above_depth=None, packages_end=None, packages_ignore=None, packages_ignore_regex=None, packages_select=None, packages_select_build_failed=False, packages_select_by_dep=None, packages_select_regex=None, packages_select_test_failures=False, packages_skip=None, packages_skip_build_finished=False, packages_skip_by_dep=None, packages_skip_regex=None, packages_skip_test_passed=False, packages_skip_up_to=None, packages_start=None, packages_up_to=None, packages_up_to_regex=None, parallel_workers=16, paths=None, symlink_install=True, test_result_base=None, verb_extension=<colcon_core.verb.build.BuildVerb object at 0x7f79d4235250>, verb_name='build', verb_parser=<colcon_defaults.argument_parser.defaults.DefaultArgumentsDecorator object at 0x7f79d3e1af70>)
[2.870s] Level 1:colcon.colcon_core.package_discovery:discover_packages(colcon_meta) check parameters
[2.871s] Level 1:colcon.colcon_core.package_discovery:discover_packages(recursive) check parameters
[2.871s] Level 1:colcon.colcon_core.package_discovery:discover_packages(ignore) check parameters
[2.871s] Level 1:colcon.colcon_core.package_discovery:discover_packages(path) check parameters
[2.871s] Level 1:colcon.colcon_core.package_discovery:discover_packages(colcon_meta) discover
[2.871s] Level 1:colcon.colcon_core.package_discovery:discover_packages(recursive) discover
[2.871s] INFO:colcon.colcon_core.package_discovery:Crawling recursively for packages in '/home/alexis/rso2_tutorials_ws/src/tutorials'
[2.871s] Level 1:colcon.colcon_core.package_identification:_identify(.) by extensions ['ignore', 'ignore_ament_install']
[2.871s] Level 1:colcon.colcon_core.package_identification:_identify(.) by extension 'ignore'
[2.871s] Level 1:colcon.colcon_core.package_identification:_identify(.) by extension 'ignore_ament_install'
[2.871s] Level 1:colcon.colcon_core.package_identification:_identify(.) by extensions ['colcon_pkg']
[2.871s] Level 1:colcon.colcon_core.package_identification:_identify(.) by extension 'colcon_pkg'
[2.871s] Level 1:colcon.colcon_core.package_identification:_identify(.) by extensions ['colcon_meta']
[2.871s] Level 1:colcon.colcon_core.package_identification:_identify(.) by extension 'colcon_meta'
[2.871s] Level 1:colcon.colcon_core.package_identification:_identify(.) by extensions ['ros']
[2.871s] Level 1:colcon.colcon_core.package_identification:_identify(.) by extension 'ros'
[2.892s] DEBUG:colcon.colcon_core.package_identification:Package '.' with type 'ros.ament_python' and name 'tutorials'
[2.892s] Level 1:colcon.colcon_core.package_discovery:discover_packages(recursive) using defaults
[2.892s] Level 1:colcon.colcon_core.package_discovery:discover_packages(ignore) discover
[2.892s] Level 1:colcon.colcon_core.package_discovery:discover_packages(ignore) using defaults
[2.892s] Level 1:colcon.colcon_core.package_discovery:discover_packages(path) discover
[2.892s] Level 1:colcon.colcon_core.package_discovery:discover_packages(path) using defaults
[3.156s] Level 1:colcon.colcon_core.package_discovery:discover_packages(prefix_path) check parameters
[3.156s] Level 1:colcon.colcon_core.package_discovery:discover_packages(prefix_path) discover
[3.263s] DEBUG:colcon.colcon_installed_package_information.package_discovery:Found 1 installed packages in /home/alexis/rso2_tutorials_ws/src/tutorials/install
[3.317s] DEBUG:colcon.colcon_installed_package_information.package_discovery:Found 345 installed packages in /home/alexis/ros2_humble/install
[3.377s] DEBUG:colcon.colcon_installed_package_information.package_discovery:Found 1 installed packages in /home/alexis/ros2_humble/install/orocos_kdl_vendor
[3.427s] DEBUG:colcon.colcon_installed_package_information.package_discovery:Found 3 installed packages in /opt/ros/noetic
[3.427s] Level 1:colcon.colcon_core.package_discovery:discover_packages(prefix_path) using defaults
[3.552s] Level 5:colcon.colcon_core.verb:set package 'tutorials' build argument 'cmake_args' from command line to 'None'
[3.552s] Level 5:colcon.colcon_core.verb:set package 'tutorials' build argument 'cmake_target' from command line to 'None'
[3.552s] Level 5:colcon.colcon_core.verb:set package 'tutorials' build argument 'cmake_target_skip_unavailable' from command line to 'False'
[3.552s] Level 5:colcon.colcon_core.verb:set package 'tutorials' build argument 'cmake_clean_cache' from command line to 'False'
[3.552s] Level 5:colcon.colcon_core.verb:set package 'tutorials' build argument 'cmake_clean_first' from command line to 'False'
[3.552s] Level 5:colcon.colcon_core.verb:set package 'tutorials' build argument 'cmake_force_configure' from command line to 'False'
[3.552s] Level 5:colcon.colcon_core.verb:set package 'tutorials' build argument 'ament_cmake_args' from command line to 'None'
[3.552s] Level 5:colcon.colcon_core.verb:set package 'tutorials' build argument 'catkin_cmake_args' from command line to 'None'
[3.552s] Level 5:colcon.colcon_core.verb:set package 'tutorials' build argument 'catkin_skip_building_tests' from command line to 'False'
[3.552s] DEBUG:colcon.colcon_core.verb:Building package 'tutorials' with the following arguments: {'ament_cmake_args': None, 'build_base': '/home/alexis/rso2_tutorials_ws/src/tutorials/build/tutorials', 'catkin_cmake_args': None, 'catkin_skip_building_tests': False, 'cmake_args': None, 'cmake_clean_cache': False, 'cmake_clean_first': False, 'cmake_force_configure': False, 'cmake_target': None, 'cmake_target_skip_unavailable': False, 'install_base': '/home/alexis/rso2_tutorials_ws/src/tutorials/install/tutorials', 'merge_install': False, 'path': '/home/alexis/rso2_tutorials_ws/src/tutorials', 'symlink_install': True, 'test_result_base': None}
[3.596s] INFO:colcon.colcon_core.executor:Executing jobs using 'parallel' executor
[3.641s] DEBUG:colcon.colcon_parallel_executor.executor.parallel:run_until_complete
[3.641s] INFO:colcon.colcon_ros.task.ament_python.build:Building ROS package in '/home/alexis/rso2_tutorials_ws/src/tutorials' with build type 'ament_python'
[3.642s] Level 1:colcon.colcon_core.shell:create_environment_hook('tutorials', 'ament_prefix_path')
[3.691s] INFO:colcon.colcon_core.plugin_system:Skipping extension 'colcon_core.shell.bat': Not used on non-Windows systems
[3.691s] INFO:colcon.colcon_core.shell:Creating environment hook '/home/alexis/rso2_tutorials_ws/src/tutorials/install/tutorials/share/tutorials/hook/ament_prefix_path.ps1'
[3.691s] INFO:colcon.colcon_core.shell:Creating environment descriptor '/home/alexis/rso2_tutorials_ws/src/tutorials/install/tutorials/share/tutorials/hook/ament_prefix_path.dsv'
[3.692s] INFO:colcon.colcon_core.shell:Creating environment hook '/home/alexis/rso2_tutorials_ws/src/tutorials/install/tutorials/share/tutorials/hook/ament_prefix_path.sh'
[3.739s] INFO:colcon.colcon_core.shell:Skip shell extension 'powershell' for command environment: Not usable outside of PowerShell
[3.740s] DEBUG:colcon.colcon_core.shell:Skip shell extension 'dsv' for command environment
[4.699s] INFO:colcon.colcon_core.task.python.build:Building Python package in '/home/alexis/rso2_tutorials_ws/src/tutorials'
[4.751s] INFO:colcon.colcon_core.shell:Skip shell extension 'powershell' for command environment: Not usable outside of PowerShell
[4.751s] DEBUG:colcon.colcon_core.shell:Skip shell extension 'dsv' for command environment
[5.984s] DEBUG:colcon.colcon_core.event_handler.log_command:Invoking command in '/home/alexis/rso2_tutorials_ws/src/tutorials/build/tutorials': PYTHONPATH=/home/alexis/rso2_tutorials_ws/src/tutorials/build/tutorials/prefix_override:/home/alexis/rso2_tutorials_ws/src/tutorials/install/tutorials/lib/python3.8/site-packages:${PYTHONPATH} /usr/bin/python3 setup.py develop --editable --build-directory /home/alexis/rso2_tutorials_ws/src/tutorials/build/tutorials/build --no-deps install_data
[7.046s] Level 1:colcon.colcon_core.shell:create_environment_hook('tutorials', 'pythonpath_develop')
[7.046s] DEBUG:colcon.colcon_core.event_handler.log_command:Invoked command in '/home/alexis/rso2_tutorials_ws/src/tutorials/build/tutorials' returned '0': PYTHONPATH=/home/alexis/rso2_tutorials_ws/src/tutorials/build/tutorials/prefix_override:/home/alexis/rso2_tutorials_ws/src/tutorials/install/tutorials/lib/python3.8/site-packages:${PYTHONPATH} /usr/bin/python3 setup.py develop --editable --build-directory /home/alexis/rso2_tutorials_ws/src/tutorials/build/tutorials/build --no-deps install_data
[7.105s] INFO:colcon.colcon_core.shell:Creating environment hook '/home/alexis/rso2_tutorials_ws/src/tutorials/build/tutorials/share/tutorials/hook/pythonpath_develop.ps1'
[7.105s] INFO:colcon.colcon_core.shell:Creating environment descriptor '/home/alexis/rso2_tutorials_ws/src/tutorials/build/tutorials/share/tutorials/hook/pythonpath_develop.dsv'
[7.105s] INFO:colcon.colcon_core.shell:Creating environment hook '/home/alexis/rso2_tutorials_ws/src/tutorials/build/tutorials/share/tutorials/hook/pythonpath_develop.sh'
[7.155s] Level 1:colcon.colcon_core.environment:checking '/home/alexis/rso2_tutorials_ws/src/tutorials/install/tutorials' for CMake module files
[7.155s] Level 1:colcon.colcon_core.environment:checking '/home/alexis/rso2_tutorials_ws/src/tutorials/install/tutorials' for CMake config files
[7.156s] Level 1:colcon.colcon_core.environment:checking '/home/alexis/rso2_tutorials_ws/src/tutorials/install/tutorials/lib'
[7.156s] Level 1:colcon.colcon_core.environment:checking '/home/alexis/rso2_tutorials_ws/src/tutorials/install/tutorials/bin'
[7.156s] Level 1:colcon.colcon_core.environment:checking '/home/alexis/rso2_tutorials_ws/src/tutorials/install/tutorials/lib/pkgconfig/tutorials.pc'
[7.156s] Level 1:colcon.colcon_core.environment:checking '/home/alexis/rso2_tutorials_ws/src/tutorials/install/tutorials/lib/python3.8/site-packages'
[7.156s] Level 1:colcon.colcon_core.shell:create_environment_hook('tutorials', 'pythonpath')
[7.201s] INFO:colcon.colcon_core.shell:Creating environment hook '/home/alexis/rso2_tutorials_ws/src/tutorials/install/tutorials/share/tutorials/hook/pythonpath.ps1'
[7.202s] INFO:colcon.colcon_core.shell:Creating environment descriptor '/home/alexis/rso2_tutorials_ws/src/tutorials/install/tutorials/share/tutorials/hook/pythonpath.dsv'
[7.202s] INFO:colcon.colcon_core.shell:Creating environment hook '/home/alexis/rso2_tutorials_ws/src/tutorials/install/tutorials/share/tutorials/hook/pythonpath.sh'
[7.202s] Level 1:colcon.colcon_core.environment:checking '/home/alexis/rso2_tutorials_ws/src/tutorials/install/tutorials/bin'
[7.202s] Level 1:colcon.colcon_core.environment:create_environment_scripts_only(tutorials)
[7.254s] INFO:colcon.colcon_core.shell:Creating package script '/home/alexis/rso2_tutorials_ws/src/tutorials/install/tutorials/share/tutorials/package.ps1'
[7.254s] INFO:colcon.colcon_core.shell:Creating package descriptor '/home/alexis/rso2_tutorials_ws/src/tutorials/install/tutorials/share/tutorials/package.dsv'
[7.255s] INFO:colcon.colcon_core.shell:Creating package script '/home/alexis/rso2_tutorials_ws/src/tutorials/install/tutorials/share/tutorials/package.sh'
[7.255s] INFO:colcon.colcon_core.shell:Creating package script '/home/alexis/rso2_tutorials_ws/src/tutorials/install/tutorials/share/tutorials/package.bash'
[7.256s] INFO:colcon.colcon_core.shell:Creating package script '/home/alexis/rso2_tutorials_ws/src/tutorials/install/tutorials/share/tutorials/package.zsh'
[7.256s] Level 1:colcon.colcon_core.environment:create_file_with_runtime_dependencies(/home/alexis/rso2_tutorials_ws/src/tutorials/install/tutorials/share/colcon-core/packages/tutorials)
[7.256s] DEBUG:colcon.colcon_parallel_executor.executor.parallel:closing loop
[7.257s] DEBUG:colcon.colcon_parallel_executor.executor.parallel:loop closed
[7.257s] DEBUG:colcon.colcon_parallel_executor.executor.parallel:run_until_complete finished with '0'
[7.257s] DEBUG:colcon.colcon_core.event_reactor:joining thread
[7.327s] INFO:colcon.colcon_core.plugin_system:Skipping extension 'colcon_notification.desktop_notification.terminal_notifier': Not used on non-Darwin systems
[7.327s] INFO:colcon.colcon_core.plugin_system:Skipping extension 'colcon_notification.desktop_notification.win32': Not used on non-Windows systems
[7.327s] INFO:colcon.colcon_notification.desktop_notification:Sending desktop notification using 'notify2'
[7.347s] DEBUG:colcon.colcon_core.event_reactor:joined thread
[7.401s] INFO:colcon.colcon_core.shell:Creating prefix script '/home/alexis/rso2_tutorials_ws/src/tutorials/install/local_setup.ps1'
[7.401s] INFO:colcon.colcon_core.shell:Creating prefix util module '/home/alexis/rso2_tutorials_ws/src/tutorials/install/_local_setup_util_ps1.py'
[7.402s] INFO:colcon.colcon_core.shell:Creating prefix chain script '/home/alexis/rso2_tutorials_ws/src/tutorials/install/setup.ps1'
[7.460s] INFO:colcon.colcon_core.shell:Creating prefix script '/home/alexis/rso2_tutorials_ws/src/tutorials/install/local_setup.sh'
[7.461s] INFO:colcon.colcon_core.shell:Creating prefix util module '/home/alexis/rso2_tutorials_ws/src/tutorials/install/_local_setup_util_sh.py'
[7.461s] INFO:colcon.colcon_core.shell:Creating prefix chain script '/home/alexis/rso2_tutorials_ws/src/tutorials/install/setup.sh'
[7.518s] INFO:colcon.colcon_core.shell:Creating prefix script '/home/alexis/rso2_tutorials_ws/src/tutorials/install/local_setup.bash'
[7.518s] INFO:colcon.colcon_core.shell:Creating prefix chain script '/home/alexis/rso2_tutorials_ws/src/tutorials/install/setup.bash'
[7.581s] INFO:colcon.colcon_core.shell:Creating prefix script '/home/alexis/rso2_tutorials_ws/src/tutorials/install/local_setup.zsh'
[7.581s] INFO:colcon.colcon_core.shell:Creating prefix chain script '/home/alexis/rso2_tutorials_ws/src/tutorials/install/setup.zsh'
