[2.748s] DEBUG:colcon:Command line arguments: ['/usr/bin/colcon', 'build']
[2.748s] DEBUG:colcon:Parsed command line arguments: Namespace(allow_overriding=[], ament_cmake_args=None, base_paths=['.'], build_base='build', catkin_cmake_args=None, catkin_skip_building_tests=False, cmake_args=None, cmake_clean_cache=False, cmake_clean_first=False, cmake_force_configure=False, cmake_target=None, cmake_target_skip_unavailable=False, continue_on_error=False, event_handlers=None, executor='parallel', ignore_user_meta=False, install_base='install', log_base=None, log_level=None, main=<bound method BuildVerb.main of <colcon_core.verb.build.BuildVerb object at 0x7fb8e0f62b80>>, merge_install=False, metas=['./colcon.meta'], packages_above=None, packages_above_and_dependencies=None, packages_above_depth=None, packages_end=None, packages_ignore=None, packages_ignore_regex=None, packages_select=None, packages_select_build_failed=False, packages_select_by_dep=None, packages_select_regex=None, packages_select_test_failures=False, packages_skip=None, packages_skip_build_finished=False, packages_skip_by_dep=None, packages_skip_regex=None, packages_skip_test_passed=False, packages_skip_up_to=None, packages_start=None, packages_up_to=None, packages_up_to_regex=None, parallel_workers=16, paths=None, symlink_install=False, test_result_base=None, verb_extension=<colcon_core.verb.build.BuildVerb object at 0x7fb8e0f62b80>, verb_name='build', verb_parser=<colcon_defaults.argument_parser.defaults.DefaultArgumentsDecorator object at 0x7fb8e0b360a0>)
[2.872s] Level 1:colcon.colcon_core.package_discovery:discover_packages(colcon_meta) check parameters
[2.872s] Level 1:colcon.colcon_core.package_discovery:discover_packages(recursive) check parameters
[2.872s] Level 1:colcon.colcon_core.package_discovery:discover_packages(ignore) check parameters
[2.872s] Level 1:colcon.colcon_core.package_discovery:discover_packages(path) check parameters
[2.872s] Level 1:colcon.colcon_core.package_discovery:discover_packages(colcon_meta) discover
[2.872s] Level 1:colcon.colcon_core.package_discovery:discover_packages(recursive) discover
[2.872s] INFO:colcon.colcon_core.package_discovery:Crawling recursively for packages in '/home/alexis/rso2_tutorials_ws/src/tutorials'
[2.872s] Level 1:colcon.colcon_core.package_identification:_identify(.) by extensions ['ignore', 'ignore_ament_install']
[2.872s] Level 1:colcon.colcon_core.package_identification:_identify(.) by extension 'ignore'
[2.872s] Level 1:colcon.colcon_core.package_identification:_identify(.) by extension 'ignore_ament_install'
[2.872s] Level 1:colcon.colcon_core.package_identification:_identify(.) by extensions ['colcon_pkg']
[2.872s] Level 1:colcon.colcon_core.package_identification:_identify(.) by extension 'colcon_pkg'
[2.872s] Level 1:colcon.colcon_core.package_identification:_identify(.) by extensions ['colcon_meta']
[2.872s] Level 1:colcon.colcon_core.package_identification:_identify(.) by extension 'colcon_meta'
[2.873s] Level 1:colcon.colcon_core.package_identification:_identify(.) by extensions ['ros']
[2.873s] Level 1:colcon.colcon_core.package_identification:_identify(.) by extension 'ros'
[2.884s] DEBUG:colcon.colcon_core.package_identification:Package '.' with type 'ros.ament_python' and name 'tutorials'
[2.884s] Level 1:colcon.colcon_core.package_discovery:discover_packages(recursive) using defaults
[2.884s] Level 1:colcon.colcon_core.package_discovery:discover_packages(ignore) discover
[2.884s] Level 1:colcon.colcon_core.package_discovery:discover_packages(ignore) using defaults
[2.884s] Level 1:colcon.colcon_core.package_discovery:discover_packages(path) discover
[2.884s] Level 1:colcon.colcon_core.package_discovery:discover_packages(path) using defaults
[3.156s] Level 1:colcon.colcon_core.package_discovery:discover_packages(prefix_path) check parameters
[3.156s] Level 1:colcon.colcon_core.package_discovery:discover_packages(prefix_path) discover
[3.256s] DEBUG:colcon.colcon_installed_package_information.package_discovery:Found 1 installed packages in /home/alexis/rso2_tutorials_ws/src/tutorials/install
[3.309s] DEBUG:colcon.colcon_installed_package_information.package_discovery:Found 23 installed packages in /home/alexis/rso2_tutorials_ws/install
[3.362s] DEBUG:colcon.colcon_installed_package_information.package_discovery:Found 345 installed packages in /home/alexis/ros2_humble/install
[3.411s] DEBUG:colcon.colcon_installed_package_information.package_discovery:Found 1 installed packages in /home/alexis/ros2_humble/install/orocos_kdl_vendor
[3.457s] DEBUG:colcon.colcon_installed_package_information.package_discovery:Found 3 installed packages in /opt/ros/noetic
[3.457s] Level 1:colcon.colcon_core.package_discovery:discover_packages(prefix_path) using defaults
[3.588s] Level 5:colcon.colcon_core.verb:set package 'tutorials' build argument 'cmake_args' from command line to 'None'
[3.588s] Level 5:colcon.colcon_core.verb:set package 'tutorials' build argument 'cmake_target' from command line to 'None'
[3.588s] Level 5:colcon.colcon_core.verb:set package 'tutorials' build argument 'cmake_target_skip_unavailable' from command line to 'False'
[3.588s] Level 5:colcon.colcon_core.verb:set package 'tutorials' build argument 'cmake_clean_cache' from command line to 'False'
[3.588s] Level 5:colcon.colcon_core.verb:set package 'tutorials' build argument 'cmake_clean_first' from command line to 'False'
[3.588s] Level 5:colcon.colcon_core.verb:set package 'tutorials' build argument 'cmake_force_configure' from command line to 'False'
[3.588s] Level 5:colcon.colcon_core.verb:set package 'tutorials' build argument 'ament_cmake_args' from command line to 'None'
[3.588s] Level 5:colcon.colcon_core.verb:set package 'tutorials' build argument 'catkin_cmake_args' from command line to 'None'
[3.588s] Level 5:colcon.colcon_core.verb:set package 'tutorials' build argument 'catkin_skip_building_tests' from command line to 'False'
[3.588s] DEBUG:colcon.colcon_core.verb:Building package 'tutorials' with the following arguments: {'ament_cmake_args': None, 'build_base': '/home/alexis/rso2_tutorials_ws/src/tutorials/build/tutorials', 'catkin_cmake_args': None, 'catkin_skip_building_tests': False, 'cmake_args': None, 'cmake_clean_cache': False, 'cmake_clean_first': False, 'cmake_force_configure': False, 'cmake_target': None, 'cmake_target_skip_unavailable': False, 'install_base': '/home/alexis/rso2_tutorials_ws/src/tutorials/install/tutorials', 'merge_install': False, 'path': '/home/alexis/rso2_tutorials_ws/src/tutorials', 'symlink_install': False, 'test_result_base': None}
[3.633s] INFO:colcon.colcon_core.executor:Executing jobs using 'parallel' executor
[3.684s] DEBUG:colcon.colcon_parallel_executor.executor.parallel:run_until_complete
[3.684s] INFO:colcon.colcon_ros.task.ament_python.build:Building ROS package in '/home/alexis/rso2_tutorials_ws/src/tutorials' with build type 'ament_python'
[3.685s] Level 1:colcon.colcon_core.shell:create_environment_hook('tutorials', 'ament_prefix_path')
[3.738s] INFO:colcon.colcon_core.plugin_system:Skipping extension 'colcon_core.shell.bat': Not used on non-Windows systems
[3.738s] INFO:colcon.colcon_core.shell:Creating environment hook '/home/alexis/rso2_tutorials_ws/src/tutorials/install/tutorials/share/tutorials/hook/ament_prefix_path.ps1'
[3.738s] INFO:colcon.colcon_core.shell:Creating environment descriptor '/home/alexis/rso2_tutorials_ws/src/tutorials/install/tutorials/share/tutorials/hook/ament_prefix_path.dsv'
[3.739s] INFO:colcon.colcon_core.shell:Creating environment hook '/home/alexis/rso2_tutorials_ws/src/tutorials/install/tutorials/share/tutorials/hook/ament_prefix_path.sh'
[3.785s] INFO:colcon.colcon_core.shell:Skip shell extension 'powershell' for command environment: Not usable outside of PowerShell
[3.785s] DEBUG:colcon.colcon_core.shell:Skip shell extension 'dsv' for command environment
[4.802s] INFO:colcon.colcon_core.task.python.build:Building Python package in '/home/alexis/rso2_tutorials_ws/src/tutorials'
[4.853s] INFO:colcon.colcon_core.shell:Skip shell extension 'powershell' for command environment: Not usable outside of PowerShell
[4.853s] DEBUG:colcon.colcon_core.shell:Skip shell extension 'dsv' for command environment
[6.107s] DEBUG:colcon.colcon_core.event_handler.log_command:Invoking command in '/home/alexis/rso2_tutorials_ws/src/tutorials/build/tutorials': PYTHONPATH=/home/alexis/rso2_tutorials_ws/src/tutorials/build/tutorials/prefix_override:/home/alexis/rso2_tutorials_ws/src/tutorials/install/tutorials/lib/python3.8/site-packages:${PYTHONPATH} /usr/bin/python3 setup.py develop --uninstall --editable --build-directory /home/alexis/rso2_tutorials_ws/src/tutorials/build/tutorials/build
[7.082s] DEBUG:colcon.colcon_core.event_handler.log_command:Invoked command in '/home/alexis/rso2_tutorials_ws/src/tutorials/build/tutorials' returned '0': PYTHONPATH=/home/alexis/rso2_tutorials_ws/src/tutorials/build/tutorials/prefix_override:/home/alexis/rso2_tutorials_ws/src/tutorials/install/tutorials/lib/python3.8/site-packages:${PYTHONPATH} /usr/bin/python3 setup.py develop --uninstall --editable --build-directory /home/alexis/rso2_tutorials_ws/src/tutorials/build/tutorials/build
[7.087s] DEBUG:colcon.colcon_core.event_handler.log_command:Invoking command in '/home/alexis/rso2_tutorials_ws/src/tutorials': PYTHONPATH=/home/alexis/rso2_tutorials_ws/src/tutorials/build/tutorials/prefix_override:/home/alexis/rso2_tutorials_ws/src/tutorials/install/tutorials/lib/python3.8/site-packages:${PYTHONPATH} /usr/bin/python3 setup.py egg_info --egg-base build/tutorials build --build-base /home/alexis/rso2_tutorials_ws/src/tutorials/build/tutorials/build install --record /home/alexis/rso2_tutorials_ws/src/tutorials/build/tutorials/install.log --single-version-externally-managed
[7.894s] DEBUG:colcon.colcon_core.event_handler.log_command:Invoked command in '/home/alexis/rso2_tutorials_ws/src/tutorials' returned '0': PYTHONPATH=/home/alexis/rso2_tutorials_ws/src/tutorials/build/tutorials/prefix_override:/home/alexis/rso2_tutorials_ws/src/tutorials/install/tutorials/lib/python3.8/site-packages:${PYTHONPATH} /usr/bin/python3 setup.py egg_info --egg-base build/tutorials build --build-base /home/alexis/rso2_tutorials_ws/src/tutorials/build/tutorials/build install --record /home/alexis/rso2_tutorials_ws/src/tutorials/build/tutorials/install.log --single-version-externally-managed
[7.951s] Level 1:colcon.colcon_core.environment:checking '/home/alexis/rso2_tutorials_ws/src/tutorials/install/tutorials' for CMake module files
[7.951s] Level 1:colcon.colcon_core.environment:checking '/home/alexis/rso2_tutorials_ws/src/tutorials/install/tutorials' for CMake config files
[7.952s] Level 1:colcon.colcon_core.environment:checking '/home/alexis/rso2_tutorials_ws/src/tutorials/install/tutorials/lib'
[7.952s] Level 1:colcon.colcon_core.environment:checking '/home/alexis/rso2_tutorials_ws/src/tutorials/install/tutorials/bin'
[7.952s] Level 1:colcon.colcon_core.environment:checking '/home/alexis/rso2_tutorials_ws/src/tutorials/install/tutorials/lib/pkgconfig/tutorials.pc'
[7.952s] Level 1:colcon.colcon_core.environment:checking '/home/alexis/rso2_tutorials_ws/src/tutorials/install/tutorials/lib/python3.8/site-packages'
[7.952s] Level 1:colcon.colcon_core.shell:create_environment_hook('tutorials', 'pythonpath')
[8.010s] INFO:colcon.colcon_core.shell:Creating environment hook '/home/alexis/rso2_tutorials_ws/src/tutorials/install/tutorials/share/tutorials/hook/pythonpath.ps1'
[8.011s] INFO:colcon.colcon_core.shell:Creating environment descriptor '/home/alexis/rso2_tutorials_ws/src/tutorials/install/tutorials/share/tutorials/hook/pythonpath.dsv'
[8.011s] INFO:colcon.colcon_core.shell:Creating environment hook '/home/alexis/rso2_tutorials_ws/src/tutorials/install/tutorials/share/tutorials/hook/pythonpath.sh'
[8.011s] Level 1:colcon.colcon_core.environment:checking '/home/alexis/rso2_tutorials_ws/src/tutorials/install/tutorials/bin'
[8.011s] Level 1:colcon.colcon_core.environment:create_environment_scripts_only(tutorials)
[8.058s] INFO:colcon.colcon_core.shell:Creating package script '/home/alexis/rso2_tutorials_ws/src/tutorials/install/tutorials/share/tutorials/package.ps1'
[8.059s] INFO:colcon.colcon_core.shell:Creating package descriptor '/home/alexis/rso2_tutorials_ws/src/tutorials/install/tutorials/share/tutorials/package.dsv'
[8.060s] INFO:colcon.colcon_core.shell:Creating package script '/home/alexis/rso2_tutorials_ws/src/tutorials/install/tutorials/share/tutorials/package.sh'
[8.061s] INFO:colcon.colcon_core.shell:Creating package script '/home/alexis/rso2_tutorials_ws/src/tutorials/install/tutorials/share/tutorials/package.bash'
[8.061s] INFO:colcon.colcon_core.shell:Creating package script '/home/alexis/rso2_tutorials_ws/src/tutorials/install/tutorials/share/tutorials/package.zsh'
[8.062s] Level 1:colcon.colcon_core.environment:create_file_with_runtime_dependencies(/home/alexis/rso2_tutorials_ws/src/tutorials/install/tutorials/share/colcon-core/packages/tutorials)
[8.062s] DEBUG:colcon.colcon_parallel_executor.executor.parallel:closing loop
[8.062s] DEBUG:colcon.colcon_parallel_executor.executor.parallel:loop closed
[8.062s] DEBUG:colcon.colcon_parallel_executor.executor.parallel:run_until_complete finished with '0'
[8.062s] DEBUG:colcon.colcon_core.event_reactor:joining thread
[8.125s] INFO:colcon.colcon_core.plugin_system:Skipping extension 'colcon_notification.desktop_notification.terminal_notifier': Not used on non-Darwin systems
[8.125s] INFO:colcon.colcon_core.plugin_system:Skipping extension 'colcon_notification.desktop_notification.win32': Not used on non-Windows systems
[8.125s] INFO:colcon.colcon_notification.desktop_notification:Sending desktop notification using 'notify2'
[8.151s] DEBUG:colcon.colcon_core.event_reactor:joined thread
[8.205s] INFO:colcon.colcon_core.shell:Creating prefix script '/home/alexis/rso2_tutorials_ws/src/tutorials/install/local_setup.ps1'
[8.206s] INFO:colcon.colcon_core.shell:Creating prefix util module '/home/alexis/rso2_tutorials_ws/src/tutorials/install/_local_setup_util_ps1.py'
[8.207s] INFO:colcon.colcon_core.shell:Creating prefix chain script '/home/alexis/rso2_tutorials_ws/src/tutorials/install/setup.ps1'
[8.262s] INFO:colcon.colcon_core.shell:Creating prefix script '/home/alexis/rso2_tutorials_ws/src/tutorials/install/local_setup.sh'
[8.262s] INFO:colcon.colcon_core.shell:Creating prefix util module '/home/alexis/rso2_tutorials_ws/src/tutorials/install/_local_setup_util_sh.py'
[8.262s] INFO:colcon.colcon_core.shell:Creating prefix chain script '/home/alexis/rso2_tutorials_ws/src/tutorials/install/setup.sh'
[8.319s] INFO:colcon.colcon_core.shell:Creating prefix script '/home/alexis/rso2_tutorials_ws/src/tutorials/install/local_setup.bash'
[8.320s] INFO:colcon.colcon_core.shell:Creating prefix chain script '/home/alexis/rso2_tutorials_ws/src/tutorials/install/setup.bash'
[8.379s] INFO:colcon.colcon_core.shell:Creating prefix script '/home/alexis/rso2_tutorials_ws/src/tutorials/install/local_setup.zsh'
[8.379s] INFO:colcon.colcon_core.shell:Creating prefix chain script '/home/alexis/rso2_tutorials_ws/src/tutorials/install/setup.zsh'
