[4.491s] DEBUG:colcon:Command line arguments: ['/usr/bin/colcon', 'build', '--symlink-install']
[4.491s] DEBUG:colcon:Parsed command line arguments: Namespace(allow_overriding=[], ament_cmake_args=None, base_paths=['.'], build_base='build', catkin_cmake_args=None, catkin_skip_building_tests=False, cmake_args=None, cmake_clean_cache=False, cmake_clean_first=False, cmake_force_configure=False, cmake_target=None, cmake_target_skip_unavailable=False, continue_on_error=False, event_handlers=None, executor='parallel', ignore_user_meta=False, install_base='install', log_base=None, log_level=None, main=<bound method BuildVerb.main of <colcon_core.verb.build.BuildVerb object at 0x7f1c9ceac250>>, merge_install=False, metas=['./colcon.meta'], packages_above=None, packages_above_and_dependencies=None, packages_above_depth=None, packages_end=None, packages_ignore=None, packages_ignore_regex=None, packages_select=None, packages_select_build_failed=False, packages_select_by_dep=None, packages_select_regex=None, packages_select_test_failures=False, packages_skip=None, packages_skip_build_finished=False, packages_skip_by_dep=None, packages_skip_regex=None, packages_skip_test_passed=False, packages_skip_up_to=None, packages_start=None, packages_up_to=None, packages_up_to_regex=None, parallel_workers=16, paths=None, symlink_install=True, test_result_base=None, verb_extension=<colcon_core.verb.build.BuildVerb object at 0x7f1c9ceac250>, verb_name='build', verb_parser=<colcon_defaults.argument_parser.defaults.DefaultArgumentsDecorator object at 0x7f1c9ca94a30>)
[4.688s] Level 1:colcon.colcon_core.package_discovery:discover_packages(colcon_meta) check parameters
[4.688s] Level 1:colcon.colcon_core.package_discovery:discover_packages(recursive) check parameters
[4.688s] Level 1:colcon.colcon_core.package_discovery:discover_packages(ignore) check parameters
[4.688s] Level 1:colcon.colcon_core.package_discovery:discover_packages(path) check parameters
[4.688s] Level 1:colcon.colcon_core.package_discovery:discover_packages(colcon_meta) discover
[4.688s] Level 1:colcon.colcon_core.package_discovery:discover_packages(recursive) discover
[4.688s] INFO:colcon.colcon_core.package_discovery:Crawling recursively for packages in '/home/alexis/rso2_tutorials_ws/src/tutorials'
[4.688s] Level 1:colcon.colcon_core.package_identification:_identify(.) by extensions ['ignore', 'ignore_ament_install']
[4.688s] Level 1:colcon.colcon_core.package_identification:_identify(.) by extension 'ignore'
[4.688s] Level 1:colcon.colcon_core.package_identification:_identify(.) by extension 'ignore_ament_install'
[4.689s] Level 1:colcon.colcon_core.package_identification:_identify(.) by extensions ['colcon_pkg']
[4.689s] Level 1:colcon.colcon_core.package_identification:_identify(.) by extension 'colcon_pkg'
[4.689s] Level 1:colcon.colcon_core.package_identification:_identify(.) by extensions ['colcon_meta']
[4.689s] Level 1:colcon.colcon_core.package_identification:_identify(.) by extension 'colcon_meta'
[4.689s] Level 1:colcon.colcon_core.package_identification:_identify(.) by extensions ['ros']
[4.689s] Level 1:colcon.colcon_core.package_identification:_identify(.) by extension 'ros'
[4.718s] DEBUG:colcon.colcon_core.package_identification:Package '.' with type 'ros.ament_python' and name 'tutorials'
[4.718s] Level 1:colcon.colcon_core.package_discovery:discover_packages(recursive) using defaults
[4.718s] Level 1:colcon.colcon_core.package_discovery:discover_packages(ignore) discover
[4.718s] Level 1:colcon.colcon_core.package_discovery:discover_packages(ignore) using defaults
[4.718s] Level 1:colcon.colcon_core.package_discovery:discover_packages(path) discover
[4.718s] Level 1:colcon.colcon_core.package_discovery:discover_packages(path) using defaults
[5.140s] Level 1:colcon.colcon_core.package_discovery:discover_packages(prefix_path) check parameters
[5.140s] Level 1:colcon.colcon_core.package_discovery:discover_packages(prefix_path) discover
[5.312s] DEBUG:colcon.colcon_installed_package_information.package_discovery:Found 1 installed packages in /home/alexis/rso2_tutorials_ws/src/tutorials/install
[5.399s] DEBUG:colcon.colcon_installed_package_information.package_discovery:Found 345 installed packages in /home/alexis/ros2_humble/install
[5.489s] DEBUG:colcon.colcon_installed_package_information.package_discovery:Found 1 installed packages in /home/alexis/ros2_humble/install/orocos_kdl_vendor
[5.562s] DEBUG:colcon.colcon_installed_package_information.package_discovery:Found 3 installed packages in /opt/ros/noetic
[5.562s] Level 1:colcon.colcon_core.package_discovery:discover_packages(prefix_path) using defaults
[5.746s] Level 5:colcon.colcon_core.verb:set package 'tutorials' build argument 'cmake_args' from command line to 'None'
[5.747s] Level 5:colcon.colcon_core.verb:set package 'tutorials' build argument 'cmake_target' from command line to 'None'
[5.747s] Level 5:colcon.colcon_core.verb:set package 'tutorials' build argument 'cmake_target_skip_unavailable' from command line to 'False'
[5.747s] Level 5:colcon.colcon_core.verb:set package 'tutorials' build argument 'cmake_clean_cache' from command line to 'False'
[5.747s] Level 5:colcon.colcon_core.verb:set package 'tutorials' build argument 'cmake_clean_first' from command line to 'False'
[5.747s] Level 5:colcon.colcon_core.verb:set package 'tutorials' build argument 'cmake_force_configure' from command line to 'False'
[5.747s] Level 5:colcon.colcon_core.verb:set package 'tutorials' build argument 'ament_cmake_args' from command line to 'None'
[5.747s] Level 5:colcon.colcon_core.verb:set package 'tutorials' build argument 'catkin_cmake_args' from command line to 'None'
[5.747s] Level 5:colcon.colcon_core.verb:set package 'tutorials' build argument 'catkin_skip_building_tests' from command line to 'False'
[5.747s] DEBUG:colcon.colcon_core.verb:Building package 'tutorials' with the following arguments: {'ament_cmake_args': None, 'build_base': '/home/alexis/rso2_tutorials_ws/src/tutorials/build/tutorials', 'catkin_cmake_args': None, 'catkin_skip_building_tests': False, 'cmake_args': None, 'cmake_clean_cache': False, 'cmake_clean_first': False, 'cmake_force_configure': False, 'cmake_target': None, 'cmake_target_skip_unavailable': False, 'install_base': '/home/alexis/rso2_tutorials_ws/src/tutorials/install/tutorials', 'merge_install': False, 'path': '/home/alexis/rso2_tutorials_ws/src/tutorials', 'symlink_install': True, 'test_result_base': None}
[5.822s] INFO:colcon.colcon_core.executor:Executing jobs using 'parallel' executor
[5.897s] DEBUG:colcon.colcon_parallel_executor.executor.parallel:run_until_complete
[5.897s] INFO:colcon.colcon_ros.task.ament_python.build:Building ROS package in '/home/alexis/rso2_tutorials_ws/src/tutorials' with build type 'ament_python'
[5.897s] Level 1:colcon.colcon_core.shell:create_environment_hook('tutorials', 'ament_prefix_path')
[5.977s] INFO:colcon.colcon_core.plugin_system:Skipping extension 'colcon_core.shell.bat': Not used on non-Windows systems
[5.978s] INFO:colcon.colcon_core.shell:Creating environment hook '/home/alexis/rso2_tutorials_ws/src/tutorials/install/tutorials/share/tutorials/hook/ament_prefix_path.ps1'
[5.978s] INFO:colcon.colcon_core.shell:Creating environment descriptor '/home/alexis/rso2_tutorials_ws/src/tutorials/install/tutorials/share/tutorials/hook/ament_prefix_path.dsv'
[5.979s] INFO:colcon.colcon_core.shell:Creating environment hook '/home/alexis/rso2_tutorials_ws/src/tutorials/install/tutorials/share/tutorials/hook/ament_prefix_path.sh'
[6.056s] INFO:colcon.colcon_core.shell:Skip shell extension 'powershell' for command environment: Not usable outside of PowerShell
[6.056s] DEBUG:colcon.colcon_core.shell:Skip shell extension 'dsv' for command environment
[7.539s] INFO:colcon.colcon_core.task.python.build:Building Python package in '/home/alexis/rso2_tutorials_ws/src/tutorials'
[7.604s] INFO:colcon.colcon_core.shell:Skip shell extension 'powershell' for command environment: Not usable outside of PowerShell
[7.604s] DEBUG:colcon.colcon_core.shell:Skip shell extension 'dsv' for command environment
[8.886s] DEBUG:colcon.colcon_core.event_handler.log_command:Invoking command in '/home/alexis/rso2_tutorials_ws/src/tutorials/build/tutorials': PYTHONPATH=/home/alexis/rso2_tutorials_ws/src/tutorials/build/tutorials/prefix_override:/home/alexis/rso2_tutorials_ws/src/tutorials/install/tutorials/lib/python3.8/site-packages:${PYTHONPATH} /usr/bin/python3 setup.py develop --editable --build-directory /home/alexis/rso2_tutorials_ws/src/tutorials/build/tutorials/build --no-deps install_data
[9.909s] Level 1:colcon.colcon_core.shell:create_environment_hook('tutorials', 'pythonpath_develop')
[9.909s] DEBUG:colcon.colcon_core.event_handler.log_command:Invoked command in '/home/alexis/rso2_tutorials_ws/src/tutorials/build/tutorials' returned '0': PYTHONPATH=/home/alexis/rso2_tutorials_ws/src/tutorials/build/tutorials/prefix_override:/home/alexis/rso2_tutorials_ws/src/tutorials/install/tutorials/lib/python3.8/site-packages:${PYTHONPATH} /usr/bin/python3 setup.py develop --editable --build-directory /home/alexis/rso2_tutorials_ws/src/tutorials/build/tutorials/build --no-deps install_data
[9.967s] INFO:colcon.colcon_core.shell:Creating environment hook '/home/alexis/rso2_tutorials_ws/src/tutorials/build/tutorials/share/tutorials/hook/pythonpath_develop.ps1'
[9.967s] INFO:colcon.colcon_core.shell:Creating environment descriptor '/home/alexis/rso2_tutorials_ws/src/tutorials/build/tutorials/share/tutorials/hook/pythonpath_develop.dsv'
[9.967s] INFO:colcon.colcon_core.shell:Creating environment hook '/home/alexis/rso2_tutorials_ws/src/tutorials/build/tutorials/share/tutorials/hook/pythonpath_develop.sh'
[10.021s] Level 1:colcon.colcon_core.environment:checking '/home/alexis/rso2_tutorials_ws/src/tutorials/install/tutorials' for CMake module files
[10.022s] Level 1:colcon.colcon_core.environment:checking '/home/alexis/rso2_tutorials_ws/src/tutorials/install/tutorials' for CMake config files
[10.022s] Level 1:colcon.colcon_core.environment:checking '/home/alexis/rso2_tutorials_ws/src/tutorials/install/tutorials/lib'
[10.022s] Level 1:colcon.colcon_core.environment:checking '/home/alexis/rso2_tutorials_ws/src/tutorials/install/tutorials/bin'
[10.022s] Level 1:colcon.colcon_core.environment:checking '/home/alexis/rso2_tutorials_ws/src/tutorials/install/tutorials/lib/pkgconfig/tutorials.pc'
[10.022s] Level 1:colcon.colcon_core.environment:checking '/home/alexis/rso2_tutorials_ws/src/tutorials/install/tutorials/lib/python3.8/site-packages'
[10.022s] Level 1:colcon.colcon_core.shell:create_environment_hook('tutorials', 'pythonpath')
[10.076s] INFO:colcon.colcon_core.shell:Creating environment hook '/home/alexis/rso2_tutorials_ws/src/tutorials/install/tutorials/share/tutorials/hook/pythonpath.ps1'
[10.077s] INFO:colcon.colcon_core.shell:Creating environment descriptor '/home/alexis/rso2_tutorials_ws/src/tutorials/install/tutorials/share/tutorials/hook/pythonpath.dsv'
[10.077s] INFO:colcon.colcon_core.shell:Creating environment hook '/home/alexis/rso2_tutorials_ws/src/tutorials/install/tutorials/share/tutorials/hook/pythonpath.sh'
[10.077s] Level 1:colcon.colcon_core.environment:checking '/home/alexis/rso2_tutorials_ws/src/tutorials/install/tutorials/bin'
[10.077s] Level 1:colcon.colcon_core.environment:create_environment_scripts_only(tutorials)
[10.125s] INFO:colcon.colcon_core.shell:Creating package script '/home/alexis/rso2_tutorials_ws/src/tutorials/install/tutorials/share/tutorials/package.ps1'
[10.127s] INFO:colcon.colcon_core.shell:Creating package descriptor '/home/alexis/rso2_tutorials_ws/src/tutorials/install/tutorials/share/tutorials/package.dsv'
[10.128s] INFO:colcon.colcon_core.shell:Creating package script '/home/alexis/rso2_tutorials_ws/src/tutorials/install/tutorials/share/tutorials/package.sh'
[10.129s] INFO:colcon.colcon_core.shell:Creating package script '/home/alexis/rso2_tutorials_ws/src/tutorials/install/tutorials/share/tutorials/package.bash'
[10.130s] INFO:colcon.colcon_core.shell:Creating package script '/home/alexis/rso2_tutorials_ws/src/tutorials/install/tutorials/share/tutorials/package.zsh'
[10.130s] Level 1:colcon.colcon_core.environment:create_file_with_runtime_dependencies(/home/alexis/rso2_tutorials_ws/src/tutorials/install/tutorials/share/colcon-core/packages/tutorials)
[10.130s] DEBUG:colcon.colcon_parallel_executor.executor.parallel:closing loop
[10.131s] DEBUG:colcon.colcon_parallel_executor.executor.parallel:loop closed
[10.131s] DEBUG:colcon.colcon_parallel_executor.executor.parallel:run_until_complete finished with '0'
[10.131s] DEBUG:colcon.colcon_core.event_reactor:joining thread
[10.191s] INFO:colcon.colcon_core.plugin_system:Skipping extension 'colcon_notification.desktop_notification.terminal_notifier': Not used on non-Darwin systems
[10.192s] INFO:colcon.colcon_core.plugin_system:Skipping extension 'colcon_notification.desktop_notification.win32': Not used on non-Windows systems
[10.192s] INFO:colcon.colcon_notification.desktop_notification:Sending desktop notification using 'notify2'
[10.214s] DEBUG:colcon.colcon_core.event_reactor:joined thread
[10.268s] INFO:colcon.colcon_core.shell:Creating prefix script '/home/alexis/rso2_tutorials_ws/src/tutorials/install/local_setup.ps1'
[10.269s] INFO:colcon.colcon_core.shell:Creating prefix util module '/home/alexis/rso2_tutorials_ws/src/tutorials/install/_local_setup_util_ps1.py'
[10.270s] INFO:colcon.colcon_core.shell:Creating prefix chain script '/home/alexis/rso2_tutorials_ws/src/tutorials/install/setup.ps1'
[10.326s] INFO:colcon.colcon_core.shell:Creating prefix script '/home/alexis/rso2_tutorials_ws/src/tutorials/install/local_setup.sh'
[10.327s] INFO:colcon.colcon_core.shell:Creating prefix util module '/home/alexis/rso2_tutorials_ws/src/tutorials/install/_local_setup_util_sh.py'
[10.327s] INFO:colcon.colcon_core.shell:Creating prefix chain script '/home/alexis/rso2_tutorials_ws/src/tutorials/install/setup.sh'
[10.382s] INFO:colcon.colcon_core.shell:Creating prefix script '/home/alexis/rso2_tutorials_ws/src/tutorials/install/local_setup.bash'
[10.382s] INFO:colcon.colcon_core.shell:Creating prefix chain script '/home/alexis/rso2_tutorials_ws/src/tutorials/install/setup.bash'
[10.434s] INFO:colcon.colcon_core.shell:Creating prefix script '/home/alexis/rso2_tutorials_ws/src/tutorials/install/local_setup.zsh'
[10.434s] INFO:colcon.colcon_core.shell:Creating prefix chain script '/home/alexis/rso2_tutorials_ws/src/tutorials/install/setup.zsh'
