[9.470s] Invoking command in '/home/alexis/rso2_tutorials_ws/build/examples_rclpy_guard_conditions': PYTHONPATH=/home/alexis/rso2_tutorials_ws/build/examples_rclpy_guard_conditions/prefix_override:/home/alexis/rso2_tutorials_ws/install/examples_rclpy_guard_conditions/lib/python3.8/site-packages:${PYTHONPATH} /usr/bin/python3 setup.py develop --editable --build-directory /home/alexis/rso2_tutorials_ws/build/examples_rclpy_guard_conditions/build --no-deps install_data
[11.748s] running develop
[11.748s] running egg_info
[11.749s] creating examples_rclpy_guard_conditions.egg-info
[11.749s] writing examples_rclpy_guard_conditions.egg-info/PKG-INFO
[11.749s] writing dependency_links to examples_rclpy_guard_conditions.egg-info/dependency_links.txt
[11.749s] writing entry points to examples_rclpy_guard_conditions.egg-info/entry_points.txt
[11.749s] writing requirements to examples_rclpy_guard_conditions.egg-info/requires.txt
[11.749s] writing top-level names to examples_rclpy_guard_conditions.egg-info/top_level.txt
[11.749s] writing manifest file 'examples_rclpy_guard_conditions.egg-info/SOURCES.txt'
[11.749s] reading manifest file 'examples_rclpy_guard_conditions.egg-info/SOURCES.txt'
[11.749s] writing manifest file 'examples_rclpy_guard_conditions.egg-info/SOURCES.txt'
[11.749s] running build_ext
[11.750s] Creating /home/alexis/rso2_tutorials_ws/install/examples_rclpy_guard_conditions/lib/python3.8/site-packages/site.py
[11.750s] Creating /home/alexis/rso2_tutorials_ws/install/examples_rclpy_guard_conditions/lib/python3.8/site-packages/examples-rclpy-guard-conditions.egg-link (link to .)
[11.750s] Installing trigger_guard_condition script to /home/alexis/rso2_tutorials_ws/install/examples_rclpy_guard_conditions/lib/examples_rclpy_guard_conditions
[11.750s] 
[11.750s] Installed /home/alexis/rso2_tutorials_ws/build/examples_rclpy_guard_conditions
[11.750s] running install_data
[11.750s] creating /home/alexis/rso2_tutorials_ws/install/examples_rclpy_guard_conditions/share/ament_index
[11.750s] creating /home/alexis/rso2_tutorials_ws/install/examples_rclpy_guard_conditions/share/ament_index/resource_index
[11.750s] creating /home/alexis/rso2_tutorials_ws/install/examples_rclpy_guard_conditions/share/ament_index/resource_index/packages
[11.750s] copying resource/examples_rclpy_guard_conditions -> /home/alexis/rso2_tutorials_ws/install/examples_rclpy_guard_conditions/share/ament_index/resource_index/packages
[11.751s] copying package.xml -> /home/alexis/rso2_tutorials_ws/install/examples_rclpy_guard_conditions/share/examples_rclpy_guard_conditions
[12.330s] Invoked command in '/home/alexis/rso2_tutorials_ws/build/examples_rclpy_guard_conditions' returned '0': PYTHONPATH=/home/alexis/rso2_tutorials_ws/build/examples_rclpy_guard_conditions/prefix_override:/home/alexis/rso2_tutorials_ws/install/examples_rclpy_guard_conditions/lib/python3.8/site-packages:${PYTHONPATH} /usr/bin/python3 setup.py develop --editable --build-directory /home/alexis/rso2_tutorials_ws/build/examples_rclpy_guard_conditions/build --no-deps install_data
