[71.995s] Invoking command in '/home/alexis/rso2_tutorials_ws/build/examples_rclpy_minimal_client': PYTHONPATH=/home/alexis/rso2_tutorials_ws/build/examples_rclpy_minimal_client/prefix_override:/home/alexis/rso2_tutorials_ws/install/examples_rclpy_minimal_client/lib/python3.8/site-packages:${PYTHONPATH} /usr/bin/python3 setup.py develop --editable --build-directory /home/alexis/rso2_tutorials_ws/build/examples_rclpy_minimal_client/build --no-deps install_data
[74.555s] running develop
[75.147s] running egg_info
[75.147s] creating examples_rclpy_minimal_client.egg-info
[75.148s] writing examples_rclpy_minimal_client.egg-info/PKG-INFO
[75.148s] writing dependency_links to examples_rclpy_minimal_client.egg-info/dependency_links.txt
[75.149s] writing entry points to examples_rclpy_minimal_client.egg-info/entry_points.txt
[75.149s] writing requirements to examples_rclpy_minimal_client.egg-info/requires.txt
[75.149s] writing top-level names to examples_rclpy_minimal_client.egg-info/top_level.txt
[75.150s] writing manifest file 'examples_rclpy_minimal_client.egg-info/SOURCES.txt'
[75.256s] reading manifest file 'examples_rclpy_minimal_client.egg-info/SOURCES.txt'
[75.256s] writing manifest file 'examples_rclpy_minimal_client.egg-info/SOURCES.txt'
[75.384s] running build_ext
[75.386s] Creating /home/alexis/rso2_tutorials_ws/install/examples_rclpy_minimal_client/lib/python3.8/site-packages/site.py
[75.390s] Creating /home/alexis/rso2_tutorials_ws/install/examples_rclpy_minimal_client/lib/python3.8/site-packages/examples-rclpy-minimal-client.egg-link (link to .)
[75.392s] Installing client script to /home/alexis/rso2_tutorials_ws/install/examples_rclpy_minimal_client/lib/examples_rclpy_minimal_client
[75.393s] Installing client_async script to /home/alexis/rso2_tutorials_ws/install/examples_rclpy_minimal_client/lib/examples_rclpy_minimal_client
[75.394s] Installing client_async_callback script to /home/alexis/rso2_tutorials_ws/install/examples_rclpy_minimal_client/lib/examples_rclpy_minimal_client
[75.394s] Installing client_async_member_function script to /home/alexis/rso2_tutorials_ws/install/examples_rclpy_minimal_client/lib/examples_rclpy_minimal_client
[75.394s] 
[75.395s] Installed /home/alexis/rso2_tutorials_ws/build/examples_rclpy_minimal_client
[75.395s] running install_data
[75.395s] creating /home/alexis/rso2_tutorials_ws/install/examples_rclpy_minimal_client/share/ament_index
[75.395s] creating /home/alexis/rso2_tutorials_ws/install/examples_rclpy_minimal_client/share/ament_index/resource_index
[75.395s] creating /home/alexis/rso2_tutorials_ws/install/examples_rclpy_minimal_client/share/ament_index/resource_index/packages
[75.395s] copying resource/examples_rclpy_minimal_client -> /home/alexis/rso2_tutorials_ws/install/examples_rclpy_minimal_client/share/ament_index/resource_index/packages
[75.395s] copying package.xml -> /home/alexis/rso2_tutorials_ws/install/examples_rclpy_minimal_client/share/examples_rclpy_minimal_client
[77.873s] Invoked command in '/home/alexis/rso2_tutorials_ws/build/examples_rclpy_minimal_client' returned '0': PYTHONPATH=/home/alexis/rso2_tutorials_ws/build/examples_rclpy_minimal_client/prefix_override:/home/alexis/rso2_tutorials_ws/install/examples_rclpy_minimal_client/lib/python3.8/site-packages:${PYTHONPATH} /usr/bin/python3 setup.py develop --editable --build-directory /home/alexis/rso2_tutorials_ws/build/examples_rclpy_minimal_client/build --no-deps install_data
